<?xml version="1.0" encoding="utf-8"?><testsuites name="pytest tests"><testsuite name="pytest" errors="0" failures="0" skipped="75" tests="1381" time="45.919" timestamp="2025-12-26T18:54:15.584743-05:00" hostname="Enzos-MacBook-Pro.local"><testcase classname="" name="tests.e2e.test_tui_integration" time="0.000"><skipped message="collection skipped">('/Users/enzolucchesi/Active-Work/Development/audio-extraction-analysis/tests/e2e/test_tui_integration.py', 7, "Skipped: could not import 'textual': No module named 'textual'")</skipped></testcase><testcase classname="" name="tests.unit.test_parakeet_provider" time="0.000"><skipped message="collection skipped">('/Users/enzolucchesi/Projects/audio-extraction-analysis/tests/unit/test_parakeet_provider.py', 12, 'Skipped: PyTorch not installed (optional Parakeet dependency)')</skipped></testcase><testcase classname="" name="tests.unit.test_tui_config_screen" time="0.000"><skipped message="collection skipped">('/Users/enzolucchesi/Active-Work/Development/audio-extraction-analysis/tests/unit/test_tui_config_screen.py', 11, "Skipped: could not import 'textual': No module named 'textual'")</skipped></testcase><testcase classname="" name="tests.unit.test_tui_event_consumer" time="0.000"><skipped message="collection skipped">('/Users/enzolucchesi/Active-Work/Development/audio-extraction-analysis/tests/unit/test_tui_event_consumer.py', 10, "Skipped: could not import 'textual': No module named 'textual'")</skipped></testcase><testcase classname="" name="tests.unit.test_tui_health_service" time="0.000"><skipped message="collection skipped">('/Users/enzolucchesi/Active-Work/Development/audio-extraction-analysis/tests/unit/test_tui_health_service.py', 10, "Skipped: could not import 'textual': No module named 'textual'")</skipped></testcase><testcase classname="" name="tests.unit.test_tui_home_screen" time="0.000"><skipped message="collection skipped">('/Users/enzolucchesi/Active-Work/Development/audio-extraction-analysis/tests/unit/test_tui_home_screen.py', 12, "Skipped: could not import 'textual': No module named 'textual'")</skipped></testcase><testcase classname="" name="tests.unit.test_tui_os_open" time="0.000"><skipped message="collection skipped">('/Users/enzolucchesi/Active-Work/Development/audio-extraction-analysis/tests/unit/test_tui_os_open.py', 11, "Skipped: could not import 'textual': No module named 'textual'")</skipped></testcase><testcase classname="" name="tests.unit.test_tui_persistence" time="0.000"><skipped message="collection skipped">('/Users/enzolucchesi/Active-Work/Development/audio-extraction-analysis/tests/unit/test_tui_persistence.py', 11, "Skipped: could not import 'textual': No module named 'textual'")</skipped></testcase><testcase classname="" name="tests.unit.test_tui_run_screen" time="0.000"><skipped message="collection skipped">('/Users/enzolucchesi/Active-Work/Development/audio-extraction-analysis/tests/unit/test_tui_run_screen.py', 11, "Skipped: could not import 'textual': No module named 'textual'")</skipped></testcase><testcase classname="" name="tests.unit.test_tui_run_service" time="0.000"><skipped message="collection skipped">('/Users/enzolucchesi/Active-Work/Development/audio-extraction-analysis/tests/unit/test_tui_run_service.py', 11, "Skipped: could not import 'textual': No module named 'textual'")</skipped></testcase><testcase classname="" name="tests.unit.test_tui_widgets" time="0.000"><skipped message="collection skipped">('/Users/enzolucchesi/Active-Work/Development/audio-extraction-analysis/tests/unit/test_tui_widgets.py', 10, "Skipped: could not import 'textual': No module named 'textual'")</skipped></testcase><testcase classname="tests.e2e.test_cli_integration.TestCLIEdgeCases" name="test_unicode_filename_handling" time="0.249" /><testcase classname="tests.e2e.test_cli_integration.TestCLIEdgeCases" name="test_spaces_in_filename_handling" time="0.250" /><testcase classname="tests.e2e.test_cli_integration.TestCLIEdgeCases" name="test_empty_file_handling" time="0.226" /><testcase classname="tests.e2e.test_cli_integration.TestCLIEdgeCases" name="test_invalid_command_arguments" time="0.128" /><testcase classname="tests.e2e.test_cli_integration.TestCLIEdgeCases" name="test_help_command" time="0.129" /><testcase classname="tests.e2e.test_cli_integration.TestCLIEdgeCases" name="test_version_command" time="0.129" /><testcase classname="tests.e2e.test_offline_pipeline.TestOfflinePipelineExitCodes" name="test_help_returns_zero" time="0.154" /><testcase classname="tests.e2e.test_offline_pipeline.TestOfflinePipelineExitCodes" name="test_version_returns_zero" time="0.158" /><testcase classname="tests.e2e.test_offline_pipeline.TestOfflinePipelineExitCodes" name="test_missing_file_returns_nonzero" time="0.157" /><testcase classname="tests.e2e.test_offline_pipeline.TestOfflinePipelineExitCodes" name="test_empty_file_returns_nonzero" time="0.157" /><testcase classname="tests.e2e.test_offline_pipeline.TestOfflinePipelineExitCodes" name="test_extract_success_returns_zero" time="0.328" /><testcase classname="tests.e2e.test_offline_pipeline.TestOfflinePipelineArtifacts" name="test_extract_creates_audio_artifact" time="0.297" /><testcase classname="tests.e2e.test_offline_pipeline.TestOfflinePipelineErrorSurfacing" name="test_invalid_command_shows_usage" time="0.150" /><testcase classname="tests.e2e.test_offline_pipeline.TestOfflinePipelineErrorSurfacing" name="test_path_traversal_blocked" time="0.158" /><testcase classname="tests.e2e.test_offline_pipeline.TestExitCodeMapping" name="test_exit_codes_in_valid_range" time="0.000" /><testcase classname="tests.e2e.test_run_e2e_tests.TestDataClasses" name="test_test_suite_result_creation" time="0.000" /><testcase classname="tests.e2e.test_run_e2e_tests.TestDataClasses" name="test_test_suite_result_with_error" time="0.000" /><testcase classname="tests.e2e.test_run_e2e_tests.TestDataClasses" name="test_e2e_test_report_creation" time="0.000" /><testcase classname="tests.e2e.test_run_e2e_tests.TestE2ETestRunnerInit" name="test_runner_initialization" time="0.001" /><testcase classname="tests.e2e.test_run_e2e_tests.TestE2ETestRunnerInit" name="test_runner_creates_output_directory" time="0.001" /><testcase classname="tests.e2e.test_run_e2e_tests.TestE2ETestRunnerInit" name="test_runner_test_suites_configuration" time="0.000" /><testcase classname="tests.e2e.test_run_e2e_tests.TestLogging" name="test_logging_setup_creates_log_file" time="0.000" /><testcase classname="tests.e2e.test_run_e2e_tests.TestLogging" name="test_logging_verbose_mode" time="0.000" /><testcase classname="tests.e2e.test_run_e2e_tests.TestEnvironmentValidation" name="test_validate_environment_success" time="0.059" /><testcase classname="tests.e2e.test_run_e2e_tests.TestEnvironmentValidation" name="test_validate_environment_missing_tool" time="0.059" /><testcase classname="tests.e2e.test_run_e2e_tests.TestEnvironmentValidation" name="test_validate_environment_old_python" time="0.001" /><testcase classname="tests.e2e.test_run_e2e_tests.TestToolChecking" name="test_check_tool_available_success" time="0.001" /><testcase classname="tests.e2e.test_run_e2e_tests.TestToolChecking" name="test_check_tool_available_not_found" time="0.000" /><testcase classname="tests.e2e.test_run_e2e_tests.TestToolChecking" name="test_check_tool_available_timeout" time="0.000" /><testcase classname="tests.e2e.test_run_e2e_tests.TestToolChecking" name="test_get_tool_version_success" time="0.001" /><testcase classname="tests.e2e.test_run_e2e_tests.TestToolChecking" name="test_get_tool_version_failure" time="0.001" /><testcase classname="tests.e2e.test_run_e2e_tests.TestTestDataSetup" name="test_setup_test_data_success" time="0.001" /><testcase classname="tests.e2e.test_run_e2e_tests.TestTestDataSetup" name="test_setup_test_data_no_valid_files" time="0.001" /><testcase classname="tests.e2e.test_run_e2e_tests.TestTestDataSetup" name="test_setup_test_data_with_generation" time="0.001" /><testcase classname="tests.e2e.test_run_e2e_tests.TestTestSuiteExecution" name="test_run_test_suite_success" time="0.001" /><testcase classname="tests.e2e.test_run_e2e_tests.TestTestSuiteExecution" name="test_run_test_suite_failure" time="0.001" /><testcase classname="tests.e2e.test_run_e2e_tests.TestTestSuiteExecution" name="test_run_test_suite_timeout" time="0.001" /><testcase classname="tests.e2e.test_run_e2e_tests.TestTestSuiteExecution" name="test_run_test_suite_with_coverage" time="0.001" /><testcase classname="tests.e2e.test_run_e2e_tests.TestTestSuiteExecution" name="test_run_test_suite_with_parallel" time="0.001" /><testcase classname="tests.e2e.test_run_e2e_tests.TestTestSuiteExecution" name="test_run_test_suite_environment_variables" time="0.001" /><testcase classname="tests.e2e.test_run_e2e_tests.TestTestSuiteExecution" name="test_run_test_suite_real_api_keys" time="0.001" /><testcase classname="tests.e2e.test_run_e2e_tests.TestJSONReportParsing" name="test_parse_valid_report" time="0.001" /><testcase classname="tests.e2e.test_run_e2e_tests.TestJSONReportParsing" name="test_parse_missing_report" time="0.000" /><testcase classname="tests.e2e.test_run_e2e_tests.TestJSONReportParsing" name="test_parse_invalid_json" time="0.001" /><testcase classname="tests.e2e.test_run_e2e_tests.TestRunAllSuites" name="test_run_all_suites_success" time="0.001" /><testcase classname="tests.e2e.test_run_e2e_tests.TestRunAllSuites" name="test_run_single_suite" time="0.001" /><testcase classname="tests.e2e.test_run_e2e_tests.TestRunAllSuites" name="test_run_suites_with_failure" time="0.001" /><testcase classname="tests.e2e.test_run_e2e_tests.TestRunAllSuites" name="test_run_suites_fail_fast" time="0.001" /><testcase classname="tests.e2e.test_run_e2e_tests.TestRunAllSuites" name="test_run_suites_mixed_critical_noncritical_failures" time="0.001" /><testcase classname="tests.e2e.test_run_e2e_tests.TestRunAllSuites" name="test_run_suites_non_critical_failure_no_fail_fast" time="0.001" /><testcase classname="tests.e2e.test_run_e2e_tests.TestReportGeneration" name="test_generate_report" time="0.001" /><testcase classname="tests.e2e.test_run_e2e_tests.TestReportGeneration" name="test_generate_report_with_failures" time="0.001" /><testcase classname="tests.e2e.test_run_e2e_tests.TestReportGeneration" name="test_save_report_creates_files" time="0.001" /><testcase classname="tests.e2e.test_run_e2e_tests.TestCleanup" name="test_cleanup_without_keep_artifacts" time="0.001" /><testcase classname="tests.e2e.test_run_e2e_tests.TestCleanup" name="test_cleanup_with_keep_artifacts" time="0.001" /><testcase classname="tests.e2e.test_run_e2e_tests.TestMainRun" name="test_run_success" time="0.001" /><testcase classname="tests.e2e.test_run_e2e_tests.TestMainRun" name="test_run_validation_failure" time="0.001" /><testcase classname="tests.e2e.test_run_e2e_tests.TestMainRun" name="test_run_data_setup_failure" time="0.001" /><testcase classname="tests.e2e.test_run_e2e_tests.TestMainRun" name="test_run_keyboard_interrupt" time="0.002" /><testcase classname="tests.e2e.test_run_e2e_tests.TestMainRun" name="test_run_unexpected_exception" time="0.002" /><testcase classname="tests.e2e.test_run_e2e_tests.TestMainRun" name="test_run_verbose_exception_traceback" time="0.003" /><testcase classname="tests.e2e.test_run_e2e_tests.TestPrintSummary" name="test_print_summary" time="0.001" /><testcase classname="tests.e2e.test_run_e2e_tests.TestPrintSummary" name="test_print_summary_zero_tests" time="0.001" /><testcase classname="tests.e2e.test_run_e2e_tests.TestPrintSummary" name="test_print_summary_all_passed" time="0.001" /><testcase classname="tests.e2e.test_run_e2e_tests.TestEdgeCases" name="test_unknown_suite_name" time="0.001" /><testcase classname="tests.e2e.test_run_e2e_tests.TestEdgeCases" name="test_empty_suite_results" time="0.001" /><testcase classname="tests.e2e.test_run_e2e_tests.TestEdgeCases" name="test_run_test_suite_unexpected_exception" time="0.001" /><testcase classname="tests.e2e.test_run_e2e_tests.TestEdgeCases" name="test_run_test_suite_no_parallel_for_non_unit_integration" time="0.002" /><testcase classname="tests.e2e.test_run_e2e_tests.TestEdgeCases" name="test_parse_report_with_error_count" time="0.001" /><testcase classname="tests.e2e.test_run_e2e_tests.TestEdgeCases" name="test_report_save_text_format" time="0.002" /><testcase classname="tests.integration.test_performance_benchmarks.TestAsyncPerformance" name="test_async_throughput" time="0.187" /><testcase classname="tests.integration.test_performance_benchmarks.TestAsyncPerformance" name="test_sequential_vs_concurrent" time="0.318" /><testcase classname="tests.integration.test_performance_benchmarks.TestAsyncPerformance" name="test_memory_efficiency" time="0.562" /><testcase classname="tests.integration.test_performance_benchmarks.TestPerformanceBaselines" name="test_quality_performance_comparison" time="0.307" /><testcase classname="tests.test_security" name="test_security_tests_exist" time="0.000" /><testcase classname="tests.test_security" name="test_security_imports" time="0.000" /><testcase classname="tests.unit.pipeline.test_refactor_behavior.TestStageContextLifecycle" name="test_stage_context_emits_single_end_event_on_success" time="0.000" /><testcase classname="tests.unit.pipeline.test_refactor_behavior.TestStageContextLifecycle" name="test_stage_context_emits_single_end_event_on_error" time="0.000" /><testcase classname="tests.unit.pipeline.test_refactor_behavior.TestStageContextLifecycle" name="test_stage_context_error_includes_message" time="0.000" /><testcase classname="tests.unit.pipeline.test_refactor_behavior.TestReporterRunId" name="test_reporter_with_explicit_run_id" time="0.000" /><testcase classname="tests.unit.pipeline.test_refactor_behavior.TestReporterRunId" name="test_reporter_generates_run_id_if_not_provided" time="0.000" /><testcase classname="tests.unit.pipeline.test_refactor_behavior.TestReporterRunId" name="test_events_always_have_run_id" time="0.000" /><testcase classname="tests.unit.pipeline.test_refactor_behavior.TestQueueEventSinkConstruction" name="test_queue_event_sink_with_explicit_loop" time="0.000" /><testcase classname="tests.unit.pipeline.test_refactor_behavior.TestQueueEventSinkConstruction" name="test_queue_event_sink_infers_running_loop" time="0.000" /><testcase classname="tests.unit.pipeline.test_refactor_behavior.TestQueueEventSinkConstruction" name="test_queue_event_sink_fails_without_loop" time="0.000" /><testcase classname="tests.unit.pipeline.test_refactor_behavior.TestPipelineV2PreservesTypedErrors" name="test_pipeline_result_dataclass_preserves_original_exception" time="0.000" /><testcase classname="tests.unit.pipeline.test_refactor_behavior.TestPipelineV2PreservesTypedErrors" name="test_pipeline_result_add_error_preserves_exception" time="0.000" /><testcase classname="tests.unit.pipeline.test_refactor_behavior.TestPipelineV2PreservesTypedErrors" name="test_to_legacy_dict_produces_correct_format" time="0.000" /><testcase classname="tests.unit.pipeline.test_reporter_events.TestStageStartEvent" name="test_creation_with_defaults" time="0.000" /><testcase classname="tests.unit.pipeline.test_reporter_events.TestStageStartEvent" name="test_creation_with_custom_values" time="0.000" /><testcase classname="tests.unit.pipeline.test_reporter_events.TestStageStartEvent" name="test_to_dict" time="0.000" /><testcase classname="tests.unit.pipeline.test_reporter_events.TestStageStartEvent" name="test_from_dict" time="0.000" /><testcase classname="tests.unit.pipeline.test_reporter_events.TestStageStartEvent" name="test_from_dict_with_missing_fields" time="0.000" /><testcase classname="tests.unit.pipeline.test_reporter_events.TestStageStartEvent" name="test_roundtrip_serialization" time="0.000" /><testcase classname="tests.unit.pipeline.test_reporter_events.TestStageProgressEvent" name="test_creation_with_defaults" time="0.000" /><testcase classname="tests.unit.pipeline.test_reporter_events.TestStageProgressEvent" name="test_creation_with_message" time="0.000" /><testcase classname="tests.unit.pipeline.test_reporter_events.TestStageProgressEvent" name="test_to_dict" time="0.000" /><testcase classname="tests.unit.pipeline.test_reporter_events.TestStageProgressEvent" name="test_from_dict" time="0.000" /><testcase classname="tests.unit.pipeline.test_reporter_events.TestStageProgressEvent" name="test_roundtrip_serialization" time="0.000" /><testcase classname="tests.unit.pipeline.test_reporter_events.TestStageEndEvent" name="test_creation_complete_status" time="0.000" /><testcase classname="tests.unit.pipeline.test_reporter_events.TestStageEndEvent" name="test_creation_error_status" time="0.000" /><testcase classname="tests.unit.pipeline.test_reporter_events.TestStageEndEvent" name="test_creation_skipped_status" time="0.000" /><testcase classname="tests.unit.pipeline.test_reporter_events.TestStageEndEvent" name="test_to_dict" time="0.000" /><testcase classname="tests.unit.pipeline.test_reporter_events.TestStageEndEvent" name="test_from_dict" time="0.000" /><testcase classname="tests.unit.pipeline.test_reporter_events.TestStageEndEvent" name="test_from_dict_with_invalid_status" time="0.000" /><testcase classname="tests.unit.pipeline.test_reporter_events.TestStageEndEvent" name="test_roundtrip_serialization" time="0.000" /><testcase classname="tests.unit.pipeline.test_reporter_events.TestPipelineEvent" name="test_creation_with_start_event" time="0.000" /><testcase classname="tests.unit.pipeline.test_reporter_events.TestPipelineEvent" name="test_creation_with_progress_event" time="0.000" /><testcase classname="tests.unit.pipeline.test_reporter_events.TestPipelineEvent" name="test_to_dict" time="0.000" /><testcase classname="tests.unit.pipeline.test_reporter_events.TestPipelineEvent" name="test_from_dict_stage_start" time="0.000" /><testcase classname="tests.unit.pipeline.test_reporter_events.TestPipelineEvent" name="test_from_dict_stage_progress" time="0.000" /><testcase classname="tests.unit.pipeline.test_reporter_events.TestPipelineEvent" name="test_from_dict_stage_end" time="0.000" /><testcase classname="tests.unit.pipeline.test_reporter_events.TestPipelineEvent" name="test_from_dict_unknown_type" time="0.000" /><testcase classname="tests.unit.pipeline.test_reporter_events.TestPipelineEvent" name="test_roundtrip_serialization" time="0.000" /><testcase classname="tests.unit.pipeline.test_reporter_events.TestEventsToJsonList" name="test_empty_list" time="0.000" /><testcase classname="tests.unit.pipeline.test_reporter_events.TestEventsToJsonList" name="test_single_event" time="0.000" /><testcase classname="tests.unit.pipeline.test_reporter_events.TestEventsToJsonList" name="test_multiple_events" time="0.000" /><testcase classname="tests.unit.pipeline.test_reporter_events.TestStageReporterEvents" name="test_reporter_emits_stage_start_event" time="0.000" /><testcase classname="tests.unit.pipeline.test_reporter_events.TestStageReporterEvents" name="test_reporter_emits_stage_progress_event" time="0.000" /><testcase classname="tests.unit.pipeline.test_reporter_events.TestStageReporterEvents" name="test_reporter_emits_stage_end_event" time="0.000" /><testcase classname="tests.unit.pipeline.test_reporter_events.TestStageReporterEvents" name="test_reporter_emits_error_end_event" time="0.000" /><testcase classname="tests.unit.pipeline.test_reporter_events.TestStageReporterEvents" name="test_reporter_get_events_as_dicts" time="0.000" /><testcase classname="tests.unit.pipeline.test_reporter_events.TestStageReporterEvents" name="test_reporter_clear_events" time="0.000" /><testcase classname="tests.unit.pipeline.test_reporter_events.TestStageReporterEvents" name="test_reporter_callback_invoked" time="0.000" /><testcase classname="tests.unit.pipeline.test_reporter_events.TestStageReporterEvents" name="test_reporter_remove_callback" time="0.000" /><testcase classname="tests.unit.pipeline.test_reporter_events.TestStageReporterEvents" name="test_reporter_callback_error_handled" time="0.000" /><testcase classname="tests.unit.pipeline.test_reporter_events.TestStageReporterEvents" name="test_stage_context_manager_emits_events" time="0.000" /><testcase classname="tests.unit.pipeline.test_reporter_events.TestStageReporterEvents" name="test_stage_context_manager_emits_error_on_exception" time="0.000" /><testcase classname="tests.unit.pipeline.test_reporter_events.TestStageReporterEvents" name="test_multiple_stages_emit_correct_events" time="0.000" /><testcase classname="tests.unit.services.test_cache_async" name="test_invalidate_async_nonblocking" time="0.003" /><testcase classname="tests.unit.services.test_cache_async" name="test_invalidate_async_returns_false_for_missing_entry" time="0.001" /><testcase classname="tests.unit.services.test_cache_async" name="test_invalidate_async_concurrent_execution" time="0.004" /><testcase classname="tests.unit.services.test_cache_comprehensive.TestCacheHitMissScenarios" name="test_cache_hit_returns_cached_result" time="0.001" /><testcase classname="tests.unit.services.test_cache_comprehensive.TestCacheHitMissScenarios" name="test_cache_miss_for_nonexistent_entry" time="0.001" /><testcase classname="tests.unit.services.test_cache_comprehensive.TestCacheHitMissScenarios" name="test_cache_miss_for_different_provider" time="0.001" /><testcase classname="tests.unit.services.test_cache_comprehensive.TestCacheHitMissScenarios" name="test_cache_miss_for_different_language" time="0.001" /><testcase classname="tests.unit.services.test_cache_comprehensive.TestCacheHitMissScenarios" name="test_cache_miss_for_modified_file" time="0.001" /><testcase classname="tests.unit.services.test_cache_comprehensive.TestCacheHitMissScenarios" name="test_has_method_accuracy" time="0.001" /><testcase classname="tests.unit.services.test_cache_comprehensive.TestTTLExpiration" name="test_entry_expires_after_ttl" time="1.511" /><testcase classname="tests.unit.services.test_cache_comprehensive.TestTTLExpiration" name="test_entry_valid_before_ttl" time="0.004" /><testcase classname="tests.unit.services.test_cache_comprehensive.TestTTLExpiration" name="test_ttl_with_mocked_time" time="0.004" /><testcase classname="tests.unit.services.test_cache_comprehensive.TestTTLExpiration" name="test_cleanup_expired_removes_old_entries" time="1.513" /><testcase classname="tests.unit.services.test_cache_comprehensive.TestLRUEviction" name="test_lru_eviction_when_max_size_reached" time="0.013" /><testcase classname="tests.unit.services.test_cache_comprehensive.TestLRUEviction" name="test_access_updates_lru_order" time="0.006" /><testcase classname="tests.unit.services.test_cache_comprehensive.TestLRUEviction" name="test_eviction_deletes_cache_files" time="0.004" /><testcase classname="tests.unit.services.test_cache_comprehensive.TestCacheKeyGeneration" name="test_same_file_different_providers_different_keys" time="0.001" /><testcase classname="tests.unit.services.test_cache_comprehensive.TestCacheKeyGeneration" name="test_same_file_different_languages_different_keys" time="0.001" /><testcase classname="tests.unit.services.test_cache_comprehensive.TestCacheKeyGeneration" name="test_different_files_same_provider_different_keys" time="0.002" /><testcase classname="tests.unit.services.test_cache_comprehensive.TestCacheKeyGeneration" name="test_key_is_consistent_for_same_inputs" time="0.001" /><testcase classname="tests.unit.services.test_cache_comprehensive.TestCacheKeyGeneration" name="test_cache_key_length_is_bounded" time="0.001" /><testcase classname="tests.unit.services.test_cache_comprehensive.TestCacheKeyGeneration" name="test_various_provider_language_combinations[deepgram-en]" time="0.001" /><testcase classname="tests.unit.services.test_cache_comprehensive.TestCacheKeyGeneration" name="test_various_provider_language_combinations[elevenlabs-es]" time="0.001" /><testcase classname="tests.unit.services.test_cache_comprehensive.TestCacheKeyGeneration" name="test_various_provider_language_combinations[whisper-de]" time="0.001" /><testcase classname="tests.unit.services.test_cache_comprehensive.TestCacheKeyGeneration" name="test_various_provider_language_combinations[parakeet-ja]" time="0.001" /><testcase classname="tests.unit.services.test_cache_comprehensive.TestCacheKeyGeneration" name="test_various_provider_language_combinations[azure-speech-zh-CN]" time="0.001" /><testcase classname="tests.unit.services.test_cache_comprehensive.TestCacheKeyGeneration" name="test_various_provider_language_combinations[google-speech-pt-BR]" time="0.001" /><testcase classname="tests.unit.services.test_cache_comprehensive.TestAtomicWriteBehavior" name="test_cache_write_is_atomic" time="0.002" /><testcase classname="tests.unit.services.test_cache_comprehensive.TestAtomicWriteBehavior" name="test_no_partial_writes_on_interruption" time="0.001" /><testcase classname="tests.unit.services.test_cache_comprehensive.TestAtomicWriteBehavior" name="test_index_saved_after_operations" time="0.002" /><testcase classname="tests.unit.services.test_cache_comprehensive.TestExpiredEntryCleanup" name="test_get_triggers_expired_cleanup" time="1.510" /><testcase classname="tests.unit.services.test_cache_comprehensive.TestExpiredEntryCleanup" name="test_stats_triggers_cleanup" time="1.515" /><testcase classname="tests.unit.services.test_cache_comprehensive.TestExpiredEntryCleanup" name="test_cleanup_removes_orphaned_files" time="0.007" /><testcase classname="tests.unit.services.test_cache_comprehensive.TestCacheEntryDataclass" name="test_is_expired_boundary_conditions" time="0.000" /><testcase classname="tests.unit.services.test_cache_comprehensive.TestCacheEntryDataclass" name="test_serialization_roundtrip_preserves_all_fields" time="0.000" /><testcase classname="tests.unit.services.test_cache_comprehensive.TestCacheRobustness" name="test_handles_missing_audio_file" time="0.002" /><testcase classname="tests.unit.services.test_cache_comprehensive.TestCacheRobustness" name="test_handles_corrupted_index" time="0.002" /><testcase classname="tests.unit.services.test_cache_comprehensive.TestCacheRobustness" name="test_handles_missing_cache_file_in_index" time="0.003" /><testcase classname="tests.unit.services.test_cache_comprehensive.TestCacheRobustness" name="test_handles_corrupted_cache_file" time="0.003" /><testcase classname="tests.unit.services.test_cache_comprehensive.TestCacheRobustness" name="test_clear_handles_missing_files" time="0.003" /><testcase classname="tests.unit.services.test_cache_comprehensive.TestFileHashGeneration" name="test_hash_is_deterministic" time="0.001" /><testcase classname="tests.unit.services.test_cache_comprehensive.TestFileHashGeneration" name="test_hash_changes_with_content" time="0.001" /><testcase classname="tests.unit.services.test_cache_comprehensive.TestFileHashGeneration" name="test_hash_is_sha256" time="0.001" /><testcase classname="tests.unit.services.test_cache_comprehensive.TestFileHashGeneration" name="test_hash_handles_large_files" time="0.002" /><testcase classname="tests.unit.services.test_url_ingestion_dns.TestDnsResolutionFailure" name="test_dns_resolution_failure_raises_unsupported_url_error" time="0.000" /><testcase classname="tests.unit.services.test_url_ingestion_dns.TestDnsCacheBounded" name="test_dns_cache_bounded_by_maxsize" time="0.004" /><testcase classname="tests.unit.services.test_url_ingestion_dns.TestDnsCacheBounded" name="test_dns_cache_has_ttl" time="0.000" /><testcase classname="tests.unit.services.test_url_ingestion_dns.TestDnsCacheBounded" name="test_dns_cache_eviction_order" time="0.003" /><testcase classname="tests.unit.services.test_url_ingestion_dns.TestDnsCacheThreadSafe" name="test_dns_cache_thread_safe_concurrent_writes" time="0.015" /><testcase classname="tests.unit.services.test_url_ingestion_dns.TestDnsCacheThreadSafe" name="test_dns_cache_thread_safe_concurrent_read_write" time="0.008" /><testcase classname="tests.unit.services.test_url_ingestion_dns.TestDnsCacheThreadSafe" name="test_dns_cache_lock_exists" time="0.000" /><testcase classname="tests.unit.services.test_url_validation.TestUrlValidation" name="test_rejects_localhost" time="0.000" /><testcase classname="tests.unit.services.test_url_validation.TestUrlValidation" name="test_rejects_localhost_localdomain" time="0.000" /><testcase classname="tests.unit.services.test_url_validation.TestUrlValidation" name="test_rejects_loopback_ipv4[127.0.0.1]" time="0.000" /><testcase classname="tests.unit.services.test_url_validation.TestUrlValidation" name="test_rejects_loopback_ipv4[127.0.0.2]" time="0.000" /><testcase classname="tests.unit.services.test_url_validation.TestUrlValidation" name="test_rejects_loopback_ipv4[127.255.255.255]" time="0.000" /><testcase classname="tests.unit.services.test_url_validation.TestUrlValidation" name="test_rejects_loopback_ipv6" time="0.000" /><testcase classname="tests.unit.services.test_url_validation.TestUrlValidation" name="test_rejects_private_ipv4[10.0.0.1]" time="0.000" /><testcase classname="tests.unit.services.test_url_validation.TestUrlValidation" name="test_rejects_private_ipv4[10.255.255.255]" time="0.000" /><testcase classname="tests.unit.services.test_url_validation.TestUrlValidation" name="test_rejects_private_ipv4[172.16.0.1]" time="0.000" /><testcase classname="tests.unit.services.test_url_validation.TestUrlValidation" name="test_rejects_private_ipv4[172.31.255.255]" time="0.000" /><testcase classname="tests.unit.services.test_url_validation.TestUrlValidation" name="test_rejects_private_ipv4[192.168.0.1]" time="0.000" /><testcase classname="tests.unit.services.test_url_validation.TestUrlValidation" name="test_rejects_private_ipv4[192.168.255.255]" time="0.000" /><testcase classname="tests.unit.services.test_url_validation.TestUrlValidation" name="test_rejects_link_local_ipv4[169.254.0.1]" time="0.000" /><testcase classname="tests.unit.services.test_url_validation.TestUrlValidation" name="test_rejects_link_local_ipv4[169.254.255.255]" time="0.000" /><testcase classname="tests.unit.services.test_url_validation.TestUrlValidation" name="test_rejects_unspecified_ipv4" time="0.000" /><testcase classname="tests.unit.services.test_url_validation.TestUrlValidation" name="test_rejects_unspecified_ipv6" time="0.000" /><testcase classname="tests.unit.services.test_url_validation.TestUrlValidation" name="test_rejects_multicast_ipv4[224.0.0.1]" time="0.000" /><testcase classname="tests.unit.services.test_url_validation.TestUrlValidation" name="test_rejects_multicast_ipv4[239.255.255.255]" time="0.000" /><testcase classname="tests.unit.services.test_url_validation.TestUrlValidation" name="test_rejects_file_scheme" time="0.000" /><testcase classname="tests.unit.services.test_url_validation.TestUrlValidation" name="test_rejects_ftp_scheme" time="0.000" /><testcase classname="tests.unit.services.test_url_validation.TestUrlValidation" name="test_allows_public_http" time="0.071" /><testcase classname="tests.unit.services.test_url_validation.TestUrlValidation" name="test_allows_public_https" time="0.028" /><testcase classname="tests.unit.services.test_url_validation.TestUrlValidation" name="test_allows_public_ipv4" time="0.000" /><testcase classname="tests.unit.services.test_url_validation.TestIpv4MappedIpv6" name="test_rejects_ipv4_mapped_loopback" time="0.000" /><testcase classname="tests.unit.services.test_url_validation.TestIpv4MappedIpv6" name="test_rejects_ipv4_mapped_private" time="0.000" /><testcase classname="tests.unit.services.test_url_validation.TestIpv4MappedIpv6" name="test_allows_ipv4_mapped_public" time="0.000" /><testcase classname="tests.unit.services.test_url_validation.TestDnsResolutionValidation" name="test_validate_resolved_ips_skips_ip_literals" time="0.000" /><testcase classname="tests.unit.services.test_url_validation.TestDnsResolutionValidation" name="test_validate_resolved_ips_handles_dns_failure" time="0.001" /><testcase classname="tests.unit.services.test_url_validation.TestPlaylistRejection" name="test_rejects_playlist_url" time="0.001" /><testcase classname="tests.unit.test_analysis_init.TestAnalysisPackage" name="test_module_import" time="0.000" /><testcase classname="tests.unit.test_analysis_init.TestAnalysisPackage" name="test_module_docstring" time="0.000" /><testcase classname="tests.unit.test_analysis_init.TestAnalysisPackage" name="test_docstring_content" time="0.000" /><testcase classname="tests.unit.test_analysis_init.TestAnalysisPackage" name="test_all_attribute_exists" time="0.000" /><testcase classname="tests.unit.test_analysis_init.TestAnalysisPackage" name="test_all_attribute_content" time="0.000" /><testcase classname="tests.unit.test_analysis_init.TestAnalysisPackage" name="test_concise_analyzer_exported" time="0.000" /><testcase classname="tests.unit.test_analysis_init.TestAnalysisPackage" name="test_full_analyzer_exported" time="0.000" /><testcase classname="tests.unit.test_analysis_init.TestAnalysisPackage" name="test_direct_import_concise_analyzer" time="0.000" /><testcase classname="tests.unit.test_analysis_init.TestAnalysisPackage" name="test_direct_import_full_analyzer" time="0.000" /><testcase classname="tests.unit.test_analysis_init.TestAnalysisPackage" name="test_wildcard_import" time="0.000" /><testcase classname="tests.unit.test_analysis_init.TestAnalysisPackage" name="test_no_unexpected_public_exports" time="0.000" /><testcase classname="tests.unit.test_analysis_init.TestAnalysisPackage" name="test_analyzer_classes_are_classes" time="0.000" /><testcase classname="tests.unit.test_analysis_init.TestAnalysisPackage" name="test_import_does_not_raise" time="0.000" /><testcase classname="tests.unit.test_async_audio_extraction.TestAsyncAudioExtractor" name="test_import_works" time="0.000" /><testcase classname="tests.unit.test_async_audio_extraction.TestAsyncAudioExtractor" name="test_extract_audio_async_method_exists" time="0.001" /><testcase classname="tests.unit.test_async_audio_extraction.TestAsyncAudioExtractor" name="test_extract_audio_async_handles_timeout_error" time="0.002" /><testcase classname="tests.unit.test_async_audio_extraction.TestAsyncAudioExtractor" name="test_run_ffmpeg_times_out_and_terminates" time="0.012" /><testcase classname="tests.unit.test_async_audio_extraction.TestAsyncAudioExtractor" name="test_run_ffmpeg_raises_on_non_zero_exit" time="0.001" /><testcase classname="tests.unit.test_async_audio_extraction.TestAsyncAudioExtractor" name="test_extract_audio_async_handles_subprocess_timeout" time="0.002" /><testcase classname="tests.unit.test_audio_extraction.TestAudioQuality" name="test_quality_values" time="0.000" /><testcase classname="tests.unit.test_audio_extraction.TestAudioExtractor" name="test_check_ffmpeg_success" time="0.000" /><testcase classname="tests.unit.test_audio_extraction.TestAudioExtractor" name="test_check_ffmpeg_failure" time="0.001" /><testcase classname="tests.unit.test_audio_extraction.TestAudioExtractor" name="test_get_video_info" time="0.059" /><testcase classname="tests.unit.test_audio_extraction.TestAudioExtractor" name="test_extract_audio_success" time="0.086" /><testcase classname="tests.unit.test_audio_extraction.TestAudioExtractor" name="test_extract_audio_input_not_found" time="0.000" /><testcase classname="tests.unit.test_audio_extraction.TestAudioExtractor" name="test_extract_audio_ffmpeg_failure" time="0.001" /><testcase classname="tests.unit.test_audio_extraction.TestAudioExtractor" name="test_extract_audio_speech_quality" time="0.001" /><testcase classname="tests.unit.test_audio_extraction.TestAudioExtractor" name="test_all_quality_presets" time="0.115" /><testcase classname="tests.unit.test_audio_extraction.TestAudioExtractor" name="test_path_validation_with_square_brackets" time="0.001" /><testcase classname="tests.unit.test_audio_extraction.TestAudioExtractor" name="test_path_validation_with_common_special_chars" time="0.001" /><testcase classname="tests.unit.test_audio_extraction.TestAudioExtractor" name="test_path_validation_rejects_dangerous_chars" time="0.000" /><testcase classname="tests.unit.test_cache.TestCacheEntry" name="test_is_expired_false_when_valid" time="0.000" /><testcase classname="tests.unit.test_cache.TestCacheEntry" name="test_is_expired_true_when_expired" time="0.000" /><testcase classname="tests.unit.test_cache.TestCacheEntry" name="test_to_dict_and_from_dict_roundtrip" time="0.000" /><testcase classname="tests.unit.test_cache.TestTranscriptionCache" name="test_init_creates_directories" time="0.001" /><testcase classname="tests.unit.test_cache.TestTranscriptionCache" name="test_put_and_get_roundtrip" time="0.002" /><testcase classname="tests.unit.test_cache.TestTranscriptionCache" name="test_get_returns_none_for_missing" time="0.001" /><testcase classname="tests.unit.test_cache.TestTranscriptionCache" name="test_get_returns_none_for_expired" time="1.510" /><testcase classname="tests.unit.test_cache.TestTranscriptionCache" name="test_has_returns_true_for_valid_entry" time="0.005" /><testcase classname="tests.unit.test_cache.TestTranscriptionCache" name="test_has_returns_false_for_missing" time="0.002" /><testcase classname="tests.unit.test_cache.TestTranscriptionCache" name="test_invalidate_removes_entry" time="0.004" /><testcase classname="tests.unit.test_cache.TestTranscriptionCache" name="test_invalidate_returns_false_for_missing" time="0.002" /><testcase classname="tests.unit.test_cache.TestTranscriptionCache" name="test_clear_removes_all_entries" time="0.004" /><testcase classname="tests.unit.test_cache.TestTranscriptionCache" name="test_stats_returns_correct_info" time="0.002" /><testcase classname="tests.unit.test_cache.TestTranscriptionCache" name="test_lru_eviction" time="0.006" /><testcase classname="tests.unit.test_cache.TestTranscriptionCache" name="test_different_providers_cached_separately" time="0.003" /><testcase classname="tests.unit.test_cache.TestTranscriptionCache" name="test_different_languages_cached_separately" time="0.003" /><testcase classname="tests.unit.test_cache.TestTranscriptionCache" name="test_file_modification_invalidates_cache" time="0.002" /><testcase classname="tests.unit.test_cache.TestTranscriptionCache" name="test_corrupted_cache_file_raises_error" time="0.002" /><testcase classname="tests.unit.test_cache.TestTranscriptionCache" name="test_persistence_across_instances" time="0.002" /><testcase classname="tests.unit.test_cache.TestTranscriptionCacheEdgeCases" name="test_handles_missing_audio_file_gracefully" time="0.001" /><testcase classname="tests.unit.test_cache.TestTranscriptionCacheEdgeCases" name="test_handles_corrupted_index_gracefully" time="0.001" /><testcase classname="tests.unit.test_cache.TestTranscriptionCacheEdgeCases" name="test_handles_missing_cache_file" time="0.002" /><testcase classname="tests.unit.test_cli.TestCLIParser" name="test_parser_creation" time="0.001" /><testcase classname="tests.unit.test_cli.TestCLIParser" name="test_version_argument" time="0.001" /><testcase classname="tests.unit.test_cli.TestCLIParser" name="test_extract_command_parsing" time="0.001" /><testcase classname="tests.unit.test_cli.TestCLIParser" name="test_extract_command_with_options" time="0.001" /><testcase classname="tests.unit.test_cli.TestCLIParser" name="test_transcribe_command_parsing" time="0.001" /><testcase classname="tests.unit.test_cli.TestCLIParser" name="test_transcribe_command_with_options" time="0.001" /><testcase classname="tests.unit.test_cli.TestCLIParser" name="test_transcribe_command_provider_default" time="0.001" /><testcase classname="tests.unit.test_cli.TestCLIParser" name="test_transcribe_command_provider_choices" time="0.001" /><testcase classname="tests.unit.test_cli.TestCLIParser" name="test_process_command_parsing" time="0.001" /><testcase classname="tests.unit.test_cli.TestCLIParser" name="test_process_command_parsing_with_url" time="0.001" /><testcase classname="tests.unit.test_cli.TestCLIParser" name="test_process_command_with_options" time="0.001" /><testcase classname="tests.unit.test_cli.TestCLIParser" name="test_process_command_provider_default" time="0.001" /><testcase classname="tests.unit.test_cli.TestCLIParser" name="test_verbose_flag" time="0.001" /><testcase classname="tests.unit.test_cli.TestCLIParser" name="test_invalid_quality_choice" time="0.001" /><testcase classname="tests.unit.test_cli.TestCLIExtractCommand" name="test_extract_command_success" time="0.010" /><testcase classname="tests.unit.test_cli.TestCLIExtractCommand" name="test_extract_command_input_not_found" time="0.007" /><testcase classname="tests.unit.test_cli.TestCLIExtractCommand" name="test_extract_command_extraction_failure" time="0.007" /><testcase classname="tests.unit.test_cli.TestCLITranscribeCommand" name="test_transcribe_command_success" time="0.008" /><testcase classname="tests.unit.test_cli.TestCLITranscribeCommand" name="test_transcribe_command_missing_api_key" time="0.007" /><testcase classname="tests.unit.test_cli.TestCLITranscribeCommand" name="test_transcribe_command_input_not_found" time="0.006" /><testcase classname="tests.unit.test_cli.TestCLITranscribeCommand" name="test_transcribe_command_failure" time="0.007" /><testcase classname="tests.unit.test_cli.TestCLIProcessCommand" name="test_process_command_success" time="0.000"><skipped type="pytest.skip" message="Integration test - requires full pipeline mocking">/Users/enzolucchesi/Active-Work/Development/audio-extraction-analysis/tests/unit/test_cli.py:319: Integration test - requires full pipeline mocking</skipped></testcase><testcase classname="tests.unit.test_cli.TestCLIProcessCommand" name="test_process_command_input_not_found" time="0.006" /><testcase classname="tests.unit.test_cli.TestCLIProcessCommand" name="test_process_command_pipeline_failure" time="0.007" /><testcase classname="tests.unit.test_cli.TestCLIProcessCommand" name="test_process_command_runs_in_active_event_loop" time="0.002" /><testcase classname="tests.unit.test_cli.TestCLILogging" name="test_verbose_logging_setup" time="0.001" /><testcase classname="tests.unit.test_cli.TestCLILogging" name="test_normal_logging_setup" time="0.001" /><testcase classname="tests.unit.test_cli.TestCLIErrorHandling" name="test_unknown_command_error" time="0.001" /><testcase classname="tests.unit.test_cli.TestCLIErrorHandling" name="test_general_exception_handling" time="0.007" /><testcase classname="tests.unit.test_cli.TestCLIErrorHandling" name="test_keyboard_interrupt_handling" time="0.007" /><testcase classname="tests.unit.test_cli.TestCLIProviderSelection" name="test_transcribe_command_with_deepgram_provider" time="0.008" /><testcase classname="tests.unit.test_cli.TestCLIProviderSelection" name="test_transcribe_command_with_elevenlabs_provider" time="0.007" /><testcase classname="tests.unit.test_cli.TestCLIProviderSelection" name="test_transcribe_command_with_auto_provider_selection" time="0.007" /><testcase classname="tests.unit.test_cli.TestCLIProviderSelection" name="test_transcribe_command_provider_creation_failure" time="0.007" /><testcase classname="tests.unit.test_cli.TestCLIProviderSelection" name="test_process_command_with_provider_selection" time="0.000"><skipped type="pytest.skip" message="Integration test - requires full pipeline mocking">/Users/enzolucchesi/Active-Work/Development/audio-extraction-analysis/tests/unit/test_cli.py:600: Integration test - requires full pipeline mocking</skipped></testcase><testcase classname="tests.unit.test_cli_error_handlers.TestValidationErrorHandler" name="test_handle_file_not_found" time="0.000" /><testcase classname="tests.unit.test_cli_error_handlers.TestValidationErrorHandler" name="test_handle_permission_error" time="0.000" /><testcase classname="tests.unit.test_cli_error_handlers.TestValidationErrorHandler" name="test_handle_file_size_error" time="0.000" /><testcase classname="tests.unit.test_cli_error_handlers.TestFFmpegErrorHandler" name="test_handle_ffmpeg_not_found" time="0.000" /><testcase classname="tests.unit.test_cli_error_handlers.TestFFmpegErrorHandler" name="test_handle_ffmpeg_execution_error" time="0.000" /><testcase classname="tests.unit.test_cli_error_handlers.TestAudioExtractionErrorHandler" name="test_handle_extraction_error_with_context" time="0.000" /><testcase classname="tests.unit.test_cli_error_handlers.TestProviderErrorHandler" name="test_handle_provider_not_available" time="0.000" /><testcase classname="tests.unit.test_cli_error_handlers.TestProviderErrorHandler" name="test_handle_provider_authentication_error" time="0.000" /><testcase classname="tests.unit.test_cli_error_handlers.TestProviderAPIErrorHandler" name="test_handle_api_error_with_status_code" time="0.000" /><testcase classname="tests.unit.test_cli_error_handlers.TestProviderAPIErrorHandler" name="test_handle_api_error_401" time="0.000" /><testcase classname="tests.unit.test_cli_error_handlers.TestProviderAPIErrorHandler" name="test_handle_api_error_503" time="0.000" /><testcase classname="tests.unit.test_cli_error_handlers.TestCLIErrorHandler" name="test_handle_keyboard_interrupt" time="0.000" /><testcase classname="tests.unit.test_cli_error_handlers.TestCLIErrorHandler" name="test_handle_validation_error_dispatch" time="0.000" /><testcase classname="tests.unit.test_cli_error_handlers.TestCLIErrorHandler" name="test_handle_ffmpeg_not_found_dispatch" time="0.000" /><testcase classname="tests.unit.test_cli_error_handlers.TestCLIErrorHandler" name="test_handle_provider_not_available_dispatch" time="0.000" /><testcase classname="tests.unit.test_cli_error_handlers.TestCLIErrorHandler" name="test_handle_rate_limit_error" time="0.000" /><testcase classname="tests.unit.test_cli_error_handlers.TestCLIErrorHandler" name="test_handle_timeout_error" time="0.000" /><testcase classname="tests.unit.test_cli_error_handlers.TestCLIErrorHandler" name="test_handle_unexpected_error" time="0.000" /><testcase classname="tests.unit.test_cli_json.TestCLIJsonFlag" name="test_json_flag_parsing" time="0.001" /><testcase classname="tests.unit.test_cli_json.TestCLIJsonFlag" name="test_json_flag_with_no_progress" time="0.001" /><testcase classname="tests.unit.test_cli_json.TestCLINoProgressFlag" name="test_no_progress_flag_parsing" time="0.001" /><testcase classname="tests.unit.test_cli_json.TestConsoleManagerJsonOutput" name="test_console_manager_json_output_flag" time="0.000" /><testcase classname="tests.unit.test_cli_json.TestConsoleManagerJsonOutput" name="test_console_manager_no_progress_flag" time="0.000" /><testcase classname="tests.unit.test_cli_json.TestSilentProgressTracker" name="test_silent_progress_tracker_update" time="0.000" /><testcase classname="tests.unit.test_cli_json.TestSilentProgressTracker" name="test_progress_context_uses_silent_tracker" time="0.000" /><testcase classname="tests.unit.test_cli_json.TestCommandTiming" name="test_timing_stages" time="0.000" /><testcase classname="tests.unit.test_cli_json.TestCommandTiming" name="test_timing_total_seconds" time="0.000" /><testcase classname="tests.unit.test_cli_json.TestJsonCommandResult" name="test_successful_result_to_dict" time="0.000" /><testcase classname="tests.unit.test_cli_json.TestJsonCommandResult" name="test_failed_result_to_dict" time="0.000" /><testcase classname="tests.unit.test_cli_json.TestJsonCommandResult" name="test_print_json_output" time="0.000" /><testcase classname="tests.unit.test_cli_json.TestExtractCommandJsonOutput" name="test_extract_json_success" time="0.007" /><testcase classname="tests.unit.test_cli_json.TestExtractCommandJsonOutput" name="test_extract_json_failure" time="0.006" /><testcase classname="tests.unit.test_cli_json.TestTranscribeCommandJsonOutput" name="test_transcribe_json_success" time="0.007" /><testcase classname="tests.unit.test_cli_json.TestTranscribeCommandJsonOutput" name="test_transcribe_json_failure" time="0.006" /><testcase classname="tests.unit.test_cli_json.TestProcessCommandJsonOutput" name="test_process_json_failure_no_input" time="0.006" /><testcase classname="tests.unit.test_cli_json.TestProcessCommandJsonOutput" name="test_process_json_success" time="0.007" /><testcase classname="tests.unit.test_cli_json.TestNoProgressMode" name="test_extract_no_progress" time="0.007" /><testcase classname="tests.unit.test_cli_json.TestNoProgressMode" name="test_json_and_no_progress_combined" time="0.007" /><testcase classname="tests.unit.test_common_validation.TestFileValidatorBasicChecks" name="test_check_file_existence_valid" time="0.000" /><testcase classname="tests.unit.test_common_validation.TestFileValidatorBasicChecks" name="test_check_file_existence_missing" time="0.000" /><testcase classname="tests.unit.test_common_validation.TestFileValidatorBasicChecks" name="test_check_file_extension_valid" time="0.000" /><testcase classname="tests.unit.test_common_validation.TestFileValidatorBasicChecks" name="test_check_file_extension_invalid" time="0.000" /><testcase classname="tests.unit.test_common_validation.TestFileValidatorBasicChecks" name="test_check_file_extension_case_insensitive" time="0.000" /><testcase classname="tests.unit.test_common_validation.TestFileValidatorBasicChecks" name="test_check_file_size_valid" time="0.000" /><testcase classname="tests.unit.test_common_validation.TestFileValidatorBasicChecks" name="test_check_file_size_exceeds_limit" time="0.000" /><testcase classname="tests.unit.test_common_validation.TestFileValidatorBasicChecks" name="test_check_file_type_valid" time="0.000" /><testcase classname="tests.unit.test_common_validation.TestFileValidatorBasicChecks" name="test_check_file_type_directory" time="0.000" /><testcase classname="tests.unit.test_common_validation.TestFileValidatorBasicChecks" name="test_check_file_permissions_readable" time="0.000" /><testcase classname="tests.unit.test_common_validation.TestFileValidatorBasicChecks" name="test_check_file_permissions_unreadable" time="0.000" /><testcase classname="tests.unit.test_common_validation.TestFileValidatorValidateFilePath" name="test_validate_existing_file" time="0.000" /><testcase classname="tests.unit.test_common_validation.TestFileValidatorValidateFilePath" name="test_validate_non_existing_file_must_exist" time="0.000" /><testcase classname="tests.unit.test_common_validation.TestFileValidatorValidateFilePath" name="test_validate_non_existing_file_optional" time="0.000" /><testcase classname="tests.unit.test_common_validation.TestFileValidatorValidateFilePath" name="test_validate_with_allowed_extensions" time="0.001" /><testcase classname="tests.unit.test_common_validation.TestFileValidatorValidateFilePath" name="test_validate_with_disallowed_extension" time="0.000" /><testcase classname="tests.unit.test_common_validation.TestFileValidatorValidateFilePath" name="test_validate_with_max_size" time="0.000" /><testcase classname="tests.unit.test_common_validation.TestFileValidatorValidateFilePath" name="test_validate_exceeds_max_size" time="0.000" /><testcase classname="tests.unit.test_common_validation.TestFileValidatorValidateFilePath" name="test_validate_size_check_skipped_when_not_exists" time="0.000" /><testcase classname="tests.unit.test_common_validation.TestFileValidatorValidateFilePath" name="test_validate_directory_fails" time="0.000" /><testcase classname="tests.unit.test_common_validation.TestFileValidatorValidateFilePath" name="test_validate_path_security_integration" time="0.000" /><testcase classname="tests.unit.test_common_validation.TestFileValidatorValidateFilePath" name="test_validate_string_path_converted" time="0.000" /><testcase classname="tests.unit.test_common_validation.TestFileValidatorValidateMediaFile" name="test_validate_audio_file_mp3" time="0.001" /><testcase classname="tests.unit.test_common_validation.TestFileValidatorValidateMediaFile" name="test_validate_audio_file_wav" time="0.001" /><testcase classname="tests.unit.test_common_validation.TestFileValidatorValidateMediaFile" name="test_validate_video_file_mp4" time="0.000" /><testcase classname="tests.unit.test_common_validation.TestFileValidatorValidateMediaFile" name="test_validate_all_audio_extensions" time="0.001" /><testcase classname="tests.unit.test_common_validation.TestFileValidatorValidateMediaFile" name="test_validate_all_video_extensions" time="0.001" /><testcase classname="tests.unit.test_common_validation.TestFileValidatorValidateMediaFile" name="test_validate_unsupported_extension" time="0.000" /><testcase classname="tests.unit.test_common_validation.TestFileValidatorValidateMediaFile" name="test_validate_media_missing_file" time="0.000" /><testcase classname="tests.unit.test_common_validation.TestFileValidatorValidateMediaFile" name="test_validate_media_with_custom_size" time="0.000" /><testcase classname="tests.unit.test_common_validation.TestFileValidatorValidateMediaFile" name="test_validate_media_exceeds_custom_size" time="0.000" /><testcase classname="tests.unit.test_common_validation.TestFileValidatorValidateMediaFile" name="test_validate_media_default_size_limit" time="0.001" /><testcase classname="tests.unit.test_common_validation.TestFileValidatorValidateOutputPath" name="test_validate_new_output_path" time="0.000" /><testcase classname="tests.unit.test_common_validation.TestFileValidatorValidateOutputPath" name="test_validate_existing_output_without_force" time="0.000" /><testcase classname="tests.unit.test_common_validation.TestFileValidatorValidateOutputPath" name="test_validate_existing_output_with_force" time="0.001" /><testcase classname="tests.unit.test_common_validation.TestFileValidatorValidateOutputPath" name="test_validate_creates_parent_directories" time="0.001" /><testcase classname="tests.unit.test_common_validation.TestFileValidatorValidateOutputPath" name="test_validate_without_creating_parents" time="0.000" /><testcase classname="tests.unit.test_common_validation.TestFileValidatorValidateOutputPath" name="test_validate_parent_is_file" time="0.001" /><testcase classname="tests.unit.test_common_validation.TestFileValidatorValidateOutputPath" name="test_validate_write_permissions" time="0.000" /><testcase classname="tests.unit.test_common_validation.TestFileValidatorValidateOutputPath" name="test_validate_no_write_permissions" time="0.000" /><testcase classname="tests.unit.test_common_validation.TestFileValidatorValidateOutputPath" name="test_validate_output_security_integration" time="0.000" /><testcase classname="tests.unit.test_common_validation.TestFileValidatorValidateOutputPath" name="test_validate_string_path_converted" time="0.000" /><testcase classname="tests.unit.test_common_validation.TestConfigValidatorPositiveNumber" name="test_validate_positive_integer" time="0.000" /><testcase classname="tests.unit.test_common_validation.TestConfigValidatorPositiveNumber" name="test_validate_positive_float" time="0.000" /><testcase classname="tests.unit.test_common_validation.TestConfigValidatorPositiveNumber" name="test_validate_zero_fails" time="0.000" /><testcase classname="tests.unit.test_common_validation.TestConfigValidatorPositiveNumber" name="test_validate_negative_fails" time="0.000" /><testcase classname="tests.unit.test_common_validation.TestConfigValidatorPositiveNumber" name="test_validate_negative_float_fails" time="0.000" /><testcase classname="tests.unit.test_common_validation.TestConfigValidatorPositiveNumber" name="test_validate_small_positive" time="0.000" /><testcase classname="tests.unit.test_common_validation.TestConfigValidatorPositiveNumber" name="test_error_message_includes_name" time="0.000" /><testcase classname="tests.unit.test_common_validation.TestConfigValidatorRange" name="test_validate_value_in_range" time="0.000" /><testcase classname="tests.unit.test_common_validation.TestConfigValidatorRange" name="test_validate_value_at_min_boundary" time="0.000" /><testcase classname="tests.unit.test_common_validation.TestConfigValidatorRange" name="test_validate_value_at_max_boundary" time="0.000" /><testcase classname="tests.unit.test_common_validation.TestConfigValidatorRange" name="test_validate_value_below_min" time="0.000" /><testcase classname="tests.unit.test_common_validation.TestConfigValidatorRange" name="test_validate_value_above_max" time="0.000" /><testcase classname="tests.unit.test_common_validation.TestConfigValidatorRange" name="test_validate_only_min_specified" time="0.000" /><testcase classname="tests.unit.test_common_validation.TestConfigValidatorRange" name="test_validate_only_max_specified" time="0.000" /><testcase classname="tests.unit.test_common_validation.TestConfigValidatorRange" name="test_validate_no_bounds_specified" time="0.000" /><testcase classname="tests.unit.test_common_validation.TestConfigValidatorRange" name="test_validate_float_values" time="0.000" /><testcase classname="tests.unit.test_common_validation.TestConfigValidatorRange" name="test_error_message_includes_custom_name" time="0.000" /><testcase classname="tests.unit.test_common_validation.TestConfigValidatorEnum" name="test_validate_value_in_set" time="0.000" /><testcase classname="tests.unit.test_common_validation.TestConfigValidatorEnum" name="test_validate_value_not_in_set" time="0.000" /><testcase classname="tests.unit.test_common_validation.TestConfigValidatorEnum" name="test_validate_case_sensitive" time="0.000" /><testcase classname="tests.unit.test_common_validation.TestConfigValidatorEnum" name="test_validate_empty_allowed_set" time="0.000" /><testcase classname="tests.unit.test_common_validation.TestConfigValidatorEnum" name="test_validate_single_allowed_value" time="0.000" /><testcase classname="tests.unit.test_common_validation.TestConfigValidatorEnum" name="test_error_message_includes_allowed_values" time="0.000" /><testcase classname="tests.unit.test_common_validation.TestConfigValidatorEnum" name="test_error_message_includes_custom_name" time="0.000" /><testcase classname="tests.unit.test_common_validation.TestConfigValidatorEnum" name="test_error_message_shows_received_value" time="0.000" /><testcase classname="tests.unit.test_common_validation.TestConvenienceFunctions" name="test_validate_file_path_function" time="0.000" /><testcase classname="tests.unit.test_common_validation.TestConvenienceFunctions" name="test_validate_file_path_function_with_args" time="0.001" /><testcase classname="tests.unit.test_common_validation.TestConvenienceFunctions" name="test_validate_media_file_function" time="0.000" /><testcase classname="tests.unit.test_common_validation.TestConvenienceFunctions" name="test_validate_media_file_function_with_args" time="0.001" /><testcase classname="tests.unit.test_common_validation.TestConvenienceFunctions" name="test_validate_output_path_function" time="0.000" /><testcase classname="tests.unit.test_common_validation.TestConvenienceFunctions" name="test_validate_output_path_function_with_args" time="0.001" /><testcase classname="tests.unit.test_common_validation.TestFileValidatorConstants" name="test_audio_extensions_defined" time="0.000" /><testcase classname="tests.unit.test_common_validation.TestFileValidatorConstants" name="test_video_extensions_defined" time="0.000" /><testcase classname="tests.unit.test_common_validation.TestFileValidatorConstants" name="test_media_extensions_is_union" time="0.000" /><testcase classname="tests.unit.test_common_validation.TestFileValidatorConstants" name="test_default_max_file_size" time="0.000" /><testcase classname="tests.unit.test_common_validation.TestFileValidatorConstants" name="test_all_extensions_lowercase" time="0.000" /><testcase classname="tests.unit.test_common_validation.TestEdgeCases" name="test_validate_symlink_file" time="0.001" /><testcase classname="tests.unit.test_common_validation.TestEdgeCases" name="test_validate_very_long_filename" time="0.000" /><testcase classname="tests.unit.test_common_validation.TestEdgeCases" name="test_validate_unicode_filename" time="0.000" /><testcase classname="tests.unit.test_common_validation.TestEdgeCases" name="test_validate_file_with_no_extension" time="0.000" /><testcase classname="tests.unit.test_common_validation.TestEdgeCases" name="test_validate_hidden_file" time="0.000" /><testcase classname="tests.unit.test_common_validation.TestEdgeCases" name="test_validate_with_multiple_dots" time="0.000" /><testcase classname="tests.unit.test_common_validation.TestEdgeCases" name="test_config_validate_with_infinity" time="0.000" /><testcase classname="tests.unit.test_common_validation.TestEdgeCases" name="test_config_validate_with_nan" time="0.000" /><testcase classname="tests.unit.test_concise_analyzer" name="test_concise_analyzer_creates_analysis_file" time="0.001" /><testcase classname="tests.unit.test_concise_analyzer" name="test_concise_analyzer_file_has_content" time="0.001" /><testcase classname="tests.unit.test_concise_analyzer" name="test_header_generation" time="0.000" /><testcase classname="tests.unit.test_concise_analyzer" name="test_overview_with_summary" time="0.000" /><testcase classname="tests.unit.test_concise_analyzer" name="test_overview_without_summary" time="0.000" /><testcase classname="tests.unit.test_concise_analyzer" name="test_key_topics_with_data" time="0.000" /><testcase classname="tests.unit.test_concise_analyzer" name="test_key_topics_without_data" time="0.000" /><testcase classname="tests.unit.test_concise_analyzer" name="test_speaker_insights_with_speakers" time="0.000" /><testcase classname="tests.unit.test_concise_analyzer" name="test_speaker_insights_without_speakers" time="0.000" /><testcase classname="tests.unit.test_concise_analyzer" name="test_sentiment_analysis_with_data" time="0.000" /><testcase classname="tests.unit.test_concise_analyzer" name="test_sentiment_analysis_without_data" time="0.000" /><testcase classname="tests.unit.test_concise_analyzer" name="test_highlights_and_quotes_extraction" time="0.000" /><testcase classname="tests.unit.test_concise_analyzer" name="test_action_items_with_intents" time="0.000" /><testcase classname="tests.unit.test_concise_analyzer" name="test_action_items_without_intents" time="0.000" /><testcase classname="tests.unit.test_concise_analyzer" name="test_timeline_with_chapters" time="0.000" /><testcase classname="tests.unit.test_concise_analyzer" name="test_timeline_with_utterances" time="0.000" /><testcase classname="tests.unit.test_concise_analyzer" name="test_timeline_without_data" time="0.000" /><testcase classname="tests.unit.test_concise_analyzer" name="test_metadata_generation" time="0.000" /><testcase classname="tests.unit.test_concise_analyzer" name="test_format_duration_seconds_only" time="0.000" /><testcase classname="tests.unit.test_concise_analyzer" name="test_format_duration_minutes" time="0.000" /><testcase classname="tests.unit.test_concise_analyzer" name="test_format_duration_hours" time="0.000" /><testcase classname="tests.unit.test_concise_analyzer" name="test_get_sentiment_emoji" time="0.000" /><testcase classname="tests.unit.test_concise_analyzer" name="test_complete_analysis_with_all_features" time="0.001" /><testcase classname="tests.unit.test_concise_analyzer" name="test_analysis_handles_missing_optionals" time="0.001" /><testcase classname="tests.unit.test_concise_analyzer" name="test_output_directory_creation" time="0.001" /><testcase classname="tests.unit.test_config_init.TestHelperFunctions" name="test_parse_bool_with_boolean_true" time="0.000" /><testcase classname="tests.unit.test_config_init.TestHelperFunctions" name="test_parse_bool_with_boolean_false" time="0.000" /><testcase classname="tests.unit.test_config_init.TestHelperFunctions" name="test_parse_bool_with_none" time="0.000" /><testcase classname="tests.unit.test_config_init.TestHelperFunctions" name="test_parse_bool_with_string_true" time="0.000" /><testcase classname="tests.unit.test_config_init.TestHelperFunctions" name="test_parse_bool_with_string_false" time="0.000" /><testcase classname="tests.unit.test_config_init.TestHelperFunctions" name="test_parse_bool_with_string_numeric" time="0.000" /><testcase classname="tests.unit.test_config_init.TestHelperFunctions" name="test_parse_bool_with_string_yes" time="0.000" /><testcase classname="tests.unit.test_config_init.TestHelperFunctions" name="test_parse_bool_with_string_on" time="0.000" /><testcase classname="tests.unit.test_config_init.TestHelperFunctions" name="test_parse_bool_with_string_enabled" time="0.000" /><testcase classname="tests.unit.test_config_init.TestHelperFunctions" name="test_parse_bool_with_invalid_string" time="0.000" /><testcase classname="tests.unit.test_config_init.TestHelperFunctions" name="test_parse_bool_with_empty_string" time="0.000" /><testcase classname="tests.unit.test_config_init.TestHelperFunctions" name="test_parse_bool_with_numeric_values" time="0.000" /><testcase classname="tests.unit.test_config_init.TestHelperFunctions" name="test_parse_list_with_list" time="0.000" /><testcase classname="tests.unit.test_config_init.TestHelperFunctions" name="test_parse_list_with_string" time="0.000" /><testcase classname="tests.unit.test_config_init.TestHelperFunctions" name="test_parse_list_with_string_spaces" time="0.000" /><testcase classname="tests.unit.test_config_init.TestHelperFunctions" name="test_parse_list_with_none" time="0.000" /><testcase classname="tests.unit.test_config_init.TestHelperFunctions" name="test_parse_list_with_empty_string" time="0.000" /><testcase classname="tests.unit.test_config_init.TestHelperFunctions" name="test_parse_list_with_custom_delimiter" time="0.000" /><testcase classname="tests.unit.test_config_init.TestHelperFunctions" name="test_parse_list_ignores_empty_items" time="0.000" /><testcase classname="tests.unit.test_config_init.TestHelperFunctions" name="test_parse_list_with_single_value" time="0.000" /><testcase classname="tests.unit.test_config_init.TestHelperFunctions" name="test_parse_list_with_non_string_non_list" time="0.000" /><testcase classname="tests.unit.test_config_init.TestHelperFunctions" name="test_getenv_with_existing_variable" time="0.000" /><testcase classname="tests.unit.test_config_init.TestHelperFunctions" name="test_getenv_with_missing_variable" time="0.000" /><testcase classname="tests.unit.test_config_init.TestHelperFunctions" name="test_getenv_with_missing_variable_no_default" time="0.000" /><testcase classname="tests.unit.test_config_init.TestHelperFunctions" name="test_getenv_with_empty_value" time="0.000" /><testcase classname="tests.unit.test_config_init.TestHelperFunctions" name="test_getenv_case_sensitive" time="0.000" /><testcase classname="tests.unit.test_config_init.TestConfigInitialization" name="test_config_initialization_defaults" time="0.001" /><testcase classname="tests.unit.test_config_init.TestConfigInitialization" name="test_config_initialization_with_environment_variables" time="0.000" /><testcase classname="tests.unit.test_config_init.TestConfigInitialization" name="test_config_post_init_creates_directories" time="0.001" /><testcase classname="tests.unit.test_config_init.TestConfigInitialization" name="test_config_boolean_fields_parsing" time="0.000" /><testcase classname="tests.unit.test_config_init.TestConfigInitialization" name="test_config_list_fields_parsing" time="0.000" /><testcase classname="tests.unit.test_config_init.TestConfigInitialization" name="test_config_integer_fields_parsing" time="0.000" /><testcase classname="tests.unit.test_config_init.TestConfigInitialization" name="test_config_float_fields_parsing" time="0.000" /><testcase classname="tests.unit.test_config_init.TestConfigInitialization" name="test_config_api_keys_optional" time="0.000" /><testcase classname="tests.unit.test_config_init.TestConfigInitialization" name="test_config_api_keys_from_environment" time="0.000" /><testcase classname="tests.unit.test_config_init.TestConfigProperties" name="test_health_check_enabled_property" time="0.000" /><testcase classname="tests.unit.test_config_init.TestGetConfigSingleton" name="test_get_config_returns_config_instance" time="0.000" /><testcase classname="tests.unit.test_config_init.TestGetConfigSingleton" name="test_get_config_returns_same_instance" time="0.000" /><testcase classname="tests.unit.test_config_init.TestGetConfigSingleton" name="test_get_config_singleton_maintains_state" time="0.000" /><testcase classname="tests.unit.test_config_init.TestConfigEdgeCases" name="test_config_with_empty_string_values" time="0.000" /><testcase classname="tests.unit.test_config_init.TestConfigEdgeCases" name="test_config_path_objects" time="0.000" /><testcase classname="tests.unit.test_config_init.TestConfigEdgeCases" name="test_config_provider_settings_whisper" time="0.000" /><testcase classname="tests.unit.test_config_init.TestConfigEdgeCases" name="test_config_log_level_uppercase_conversion" time="0.000" /><testcase classname="tests.unit.test_config_init.TestConfigEdgeCases" name="test_config_all_timeouts" time="0.000" /><testcase classname="tests.unit.test_config_init.TestConfigExports" name="test_module_all_exports" time="0.000" /><testcase classname="tests.unit.test_config_init.TestConfigExports" name="test_module_imports" time="0.000" /><testcase classname="tests.unit.test_deepgram_provider.TestDeepgramTranscriber" name="test_validate_configuration_with_api_key" time="0.000" /><testcase classname="tests.unit.test_deepgram_provider.TestDeepgramTranscriber" name="test_validate_configuration_without_api_key" time="0.000" /><testcase classname="tests.unit.test_deepgram_provider.TestDeepgramTranscriber" name="test_get_provider_name" time="0.000" /><testcase classname="tests.unit.test_deepgram_provider.TestDeepgramTranscriber" name="test_get_supported_features" time="0.000" /><testcase classname="tests.unit.test_deepgram_provider.TestDeepgramTranscriber" name="test_transcription_reads_audio_bytes" time="0.002" /><testcase classname="tests.unit.test_deepgram_provider.TestDeepgramTranscriber" name="test_large_file_transcription" time="0.002" /><testcase classname="tests.unit.test_deepgram_provider.TestDeepgramTranscriber" name="test_normal_file_transcription" time="0.002" /><testcase classname="tests.unit.test_deepgram_provider.TestDeepgramTranscriberErrorPaths" name="test_import_error_raises_provider_not_available" time="0.001" /><testcase classname="tests.unit.test_deepgram_provider.TestDeepgramTranscriberErrorPaths" name="test_permission_error_raises_file_access_error" time="0.002" /><testcase classname="tests.unit.test_deepgram_provider.TestDeepgramTranscriberErrorPaths" name="test_os_error_raises_provider_api_error" time="0.002" /><testcase classname="tests.unit.test_deepgram_provider.TestDeepgramTranscriberErrorPaths" name="test_connection_error_passes_through" time="0.002" /><testcase classname="tests.unit.test_deepgram_provider.TestDeepgramTranscriberErrorPaths" name="test_validation_error_on_invalid_file" time="0.001" /><testcase classname="tests.unit.test_deepgram_utils.TestDetectMimetype" name="test_detect_mimetype_known_formats[.mp3-audio/mp3]" time="0.000" /><testcase classname="tests.unit.test_deepgram_utils.TestDetectMimetype" name="test_detect_mimetype_known_formats[.wav-audio/wav]" time="0.000" /><testcase classname="tests.unit.test_deepgram_utils.TestDetectMimetype" name="test_detect_mimetype_known_formats[.m4a-audio/mp4]" time="0.000" /><testcase classname="tests.unit.test_deepgram_utils.TestDetectMimetype" name="test_detect_mimetype_known_formats[.mp4-audio/mp4]" time="0.000" /><testcase classname="tests.unit.test_deepgram_utils.TestDetectMimetype" name="test_detect_mimetype_known_formats[.aac-audio/aac]" time="0.000" /><testcase classname="tests.unit.test_deepgram_utils.TestDetectMimetype" name="test_detect_mimetype_known_formats[.flac-audio/flac]" time="0.000" /><testcase classname="tests.unit.test_deepgram_utils.TestDetectMimetype" name="test_detect_mimetype_known_formats[.ogg-audio/ogg]" time="0.000" /><testcase classname="tests.unit.test_deepgram_utils.TestDetectMimetype" name="test_detect_mimetype_known_formats[.webm-audio/webm]" time="0.000" /><testcase classname="tests.unit.test_deepgram_utils.TestDetectMimetype" name="test_detect_mimetype_uppercase_extensions[.MP3-audio/mp3]" time="0.000" /><testcase classname="tests.unit.test_deepgram_utils.TestDetectMimetype" name="test_detect_mimetype_uppercase_extensions[.WAV-audio/wav]" time="0.000" /><testcase classname="tests.unit.test_deepgram_utils.TestDetectMimetype" name="test_detect_mimetype_uppercase_extensions[.M4A-audio/mp4]" time="0.000" /><testcase classname="tests.unit.test_deepgram_utils.TestDetectMimetype" name="test_detect_mimetype_uppercase_extensions[.FLAC-audio/flac]" time="0.000" /><testcase classname="tests.unit.test_deepgram_utils.TestDetectMimetype" name="test_detect_mimetype_mixed_case_extensions[.Mp3-audio/mp3]" time="0.000" /><testcase classname="tests.unit.test_deepgram_utils.TestDetectMimetype" name="test_detect_mimetype_mixed_case_extensions[.WaV-audio/wav]" time="0.000" /><testcase classname="tests.unit.test_deepgram_utils.TestDetectMimetype" name="test_detect_mimetype_mixed_case_extensions[.m4A-audio/mp4]" time="0.000" /><testcase classname="tests.unit.test_deepgram_utils.TestDetectMimetype" name="test_detect_mimetype_unknown_extension" time="0.000" /><testcase classname="tests.unit.test_deepgram_utils.TestDetectMimetype" name="test_detect_mimetype_no_extension" time="0.000" /><testcase classname="tests.unit.test_deepgram_utils.TestDetectMimetype" name="test_detect_mimetype_multiple_dots" time="0.000" /><testcase classname="tests.unit.test_deepgram_utils.TestDetectMimetype" name="test_detect_mimetype_hidden_file" time="0.000" /><testcase classname="tests.unit.test_deepgram_utils.TestDetectMimetype" name="test_detect_mimetype_path_with_directories" time="0.000" /><testcase classname="tests.unit.test_deepgram_utils.TestDetectMimetype" name="test_detect_mimetype_empty_suffix" time="0.000" /><testcase classname="tests.unit.test_deepgram_utils.TestDetectMimetype" name="test_detect_mimetype_windows_path" time="0.000" /><testcase classname="tests.unit.test_deepgram_utils.TestDetectMimetype" name="test_detect_mimetype_complex_nested_path" time="0.000" /><testcase classname="tests.unit.test_deepgram_utils.TestDetectMimetype" name="test_detect_mimetype_backup_extension" time="0.000" /><testcase classname="tests.unit.test_deepgram_utils.TestDetectMimetype" name="test_detect_mimetype_numeric_extension" time="0.000" /><testcase classname="tests.unit.test_deepgram_utils.TestDetectMimetype" name="test_detect_mimetype_very_long_extension" time="0.000" /><testcase classname="tests.unit.test_deepgram_utils.TestBuildPrerecordedOptions" name="test_build_prerecorded_options_creates_correct_object" time="0.000" /><testcase classname="tests.unit.test_deepgram_utils.TestBuildPrerecordedOptions" name="test_build_prerecorded_options_with_different_languages[en-US]" time="0.000" /><testcase classname="tests.unit.test_deepgram_utils.TestBuildPrerecordedOptions" name="test_build_prerecorded_options_with_different_languages[es-ES]" time="0.000" /><testcase classname="tests.unit.test_deepgram_utils.TestBuildPrerecordedOptions" name="test_build_prerecorded_options_with_different_languages[fr-FR]" time="0.000" /><testcase classname="tests.unit.test_deepgram_utils.TestBuildPrerecordedOptions" name="test_build_prerecorded_options_with_different_languages[de-DE]" time="0.000" /><testcase classname="tests.unit.test_deepgram_utils.TestBuildPrerecordedOptions" name="test_build_prerecorded_options_with_different_languages[ja-JP]" time="0.000" /><testcase classname="tests.unit.test_deepgram_utils.TestBuildPrerecordedOptions" name="test_build_prerecorded_options_with_different_languages[zh-CN]" time="0.000" /><testcase classname="tests.unit.test_deepgram_utils.TestBuildPrerecordedOptions" name="test_build_prerecorded_options_with_different_languages[pt-BR]" time="0.000" /><testcase classname="tests.unit.test_deepgram_utils.TestBuildPrerecordedOptions" name="test_build_prerecorded_options_with_different_languages[ru-RU]" time="0.000" /><testcase classname="tests.unit.test_deepgram_utils.TestBuildPrerecordedOptions" name="test_build_prerecorded_options_all_boolean_flags_enabled" time="0.000" /><testcase classname="tests.unit.test_deepgram_utils.TestBuildPrerecordedOptions" name="test_build_prerecorded_options_model_version" time="0.000" /><testcase classname="tests.unit.test_deepgram_utils.TestBuildPrerecordedOptions" name="test_build_prerecorded_options_summarize_version" time="0.000" /><testcase classname="tests.unit.test_deepgram_utils.TestBuildPrerecordedOptions" name="test_build_prerecorded_options_alternatives_count" time="0.000" /><testcase classname="tests.unit.test_deepgram_utils.TestBuildPrerecordedOptions" name="test_build_prerecorded_options_with_empty_string_language" time="0.001" /><testcase classname="tests.unit.test_deepgram_utils.TestBuildPrerecordedOptions" name="test_build_prerecorded_options_preserves_language_casing" time="0.000" /><testcase classname="tests.unit.test_deepgram_utils.TestBuildPrerecordedOptions" name="test_build_prerecorded_options_with_special_characters" time="0.000" /><testcase classname="tests.unit.test_deepgram_utils.TestBuildPrerecordedOptions" name="test_build_prerecorded_options_with_numeric_language" time="0.000" /><testcase classname="tests.unit.test_deepgram_utils.TestBuildPrerecordedOptions" name="test_build_prerecorded_options_with_long_language_code" time="0.000" /><testcase classname="tests.unit.test_deepgram_validation_errors.TestDeepgramValidationErrorMapping" name="test_validation_error_raised_for_missing_file" time="0.000" /><testcase classname="tests.unit.test_deepgram_validation_errors.TestDeepgramValidationErrorMapping" name="test_file_read_error_maps_to_audio_file_not_found" time="0.020" /><testcase classname="tests.unit.test_elevenlabs_transcriber.TestElevenLabsTranscriberInit" name="test_init_with_api_key" time="0.000" /><testcase classname="tests.unit.test_elevenlabs_transcriber.TestElevenLabsTranscriberInit" name="test_init_with_env_api_key" time="0.000" /><testcase classname="tests.unit.test_elevenlabs_transcriber.TestElevenLabsTranscriberInit" name="test_init_without_api_key_raises_error" time="0.000" /><testcase classname="tests.unit.test_elevenlabs_transcriber.TestElevenLabsTranscriberInit" name="test_validate_configuration_with_key" time="0.000" /><testcase classname="tests.unit.test_elevenlabs_transcriber.TestElevenLabsTranscriberInit" name="test_validate_configuration_without_key" time="0.000" /><testcase classname="tests.unit.test_elevenlabs_transcriber.TestElevenLabsTranscriberMethods" name="test_get_provider_name" time="0.000" /><testcase classname="tests.unit.test_elevenlabs_transcriber.TestElevenLabsTranscriberMethods" name="test_get_supported_features" time="0.000" /><testcase classname="tests.unit.test_elevenlabs_transcriber.TestElevenLabsTranscriberTranscription" name="test_transcribe_async_success" time="0.001" /><testcase classname="tests.unit.test_elevenlabs_transcriber.TestElevenLabsTranscriberTranscription" name="test_transcribe_async_file_not_found" time="0.001" /><testcase classname="tests.unit.test_elevenlabs_transcriber.TestElevenLabsTranscriberTranscription" name="test_transcribe_async_file_too_large" time="0.009" /><testcase classname="tests.unit.test_elevenlabs_transcriber.TestElevenLabsTranscriberTranscription" name="test_transcribe_async_elevenlabs_not_installed" time="0.001" /><testcase classname="tests.unit.test_elevenlabs_transcriber.TestElevenLabsTranscriberTranscription" name="test_transcribe_async_api_error" time="0.002" /><testcase classname="tests.unit.test_elevenlabs_transcriber.TestElevenLabsTranscriberTranscription" name="test_transcribe_async_response_variations" time="0.035" /><testcase classname="tests.unit.test_elevenlabs_transcriber.TestElevenLabsTranscriberTranscription" name="test_transcribe_async_no_segments" time="0.033" /><testcase classname="tests.unit.test_elevenlabs_transcriber.TestElevenLabsTranscriberDurationEstimation" name="test_estimate_audio_duration_with_ffprobe" time="0.001" /><testcase classname="tests.unit.test_elevenlabs_transcrib
[...]
anitization.TestFilenameUnicode" name="test_unicode_filenames_handled[\ud55c\uad6d\uc5b4.txt]" time="0.000" /><testcase classname="tests.unit.utils.test_path_sanitization.TestFilenameUnicode" name="test_unicode_filenames_handled[\u0395\u03bb\u03bb\u03b7\u03bd\u03b9\u03ba\u03ac.txt]" time="0.000" /><testcase classname="tests.unit.utils.test_path_sanitization.TestFilenameUnicode" name="test_unicode_filenames_handled[\u0627\u0644\u0639\u0631\u0628\u064a\u0629.txt]" time="0.000" /><testcase classname="tests.unit.utils.test_path_sanitization.TestFilenameUnicode" name="test_unicode_filenames_handled[\U0001f3b5music.txt]" time="0.000" /><testcase classname="tests.unit.utils.test_path_sanitization.TestFilenameUnicode" name="test_unicode_filenames_handled[\u0444\u0430\u0439\u043b.txt]" time="0.000" /><testcase classname="tests.unit.utils.test_path_sanitization.TestFilenameUnicode" name="test_empty_after_sanitization_gets_default" time="0.000" /><testcase classname="tests.unit.utils.test_path_sanitization.TestFilenameUnicode" name="test_unicode_normalization_equivalent_forms" time="0.000" /><testcase classname="tests.unit.utils.test_path_sanitization.TestFilenameLengthLimits" name="test_short_filename_unchanged" time="0.000" /><testcase classname="tests.unit.utils.test_path_sanitization.TestFilenameLengthLimits" name="test_long_filename_truncated" time="0.000" /><testcase classname="tests.unit.utils.test_path_sanitization.TestFilenameLengthLimits" name="test_long_filename_without_extension_truncated" time="0.000" /><testcase classname="tests.unit.utils.test_path_sanitization.TestFilenameLengthLimits" name="test_very_long_extension_handled" time="0.000" /><testcase classname="tests.unit.utils.test_path_sanitization.TestFilenameLengthLimits" name="test_boundary_lengths[199]" time="0.000" /><testcase classname="tests.unit.utils.test_path_sanitization.TestFilenameLengthLimits" name="test_boundary_lengths[200]" time="0.000" /><testcase classname="tests.unit.utils.test_path_sanitization.TestFilenameLengthLimits" name="test_boundary_lengths[201]" time="0.000" /><testcase classname="tests.unit.utils.test_path_sanitization.TestFilenameLengthLimits" name="test_boundary_lengths[250]" time="0.000" /><testcase classname="tests.unit.utils.test_path_sanitization.TestFilenameLengthLimits" name="test_boundary_lengths[255]" time="0.000" /><testcase classname="tests.unit.utils.test_path_sanitization.TestFilenameLengthLimits" name="test_boundary_lengths[300]" time="0.000" /><testcase classname="tests.unit.utils.test_path_sanitization.TestDirnameSanitization" name="test_valid_dirname_preserved" time="0.000" /><testcase classname="tests.unit.utils.test_path_sanitization.TestDirnameSanitization" name="test_dirname_more_restrictive_than_filename" time="0.000" /><testcase classname="tests.unit.utils.test_path_sanitization.TestDirnameSanitization" name="test_empty_dirname_gets_default" time="0.000" /><testcase classname="tests.unit.utils.test_path_sanitization.TestDirnameSanitization" name="test_dirname_length_limit" time="0.000" /><testcase classname="tests.unit.utils.test_path_sanitization.TestPathSecurityValidation" name="test_nul_byte_rejected" time="0.000" /><testcase classname="tests.unit.utils.test_path_sanitization.TestPathSecurityValidation" name="test_control_chars_rejected[\x01]" time="0.000" /><testcase classname="tests.unit.utils.test_path_sanitization.TestPathSecurityValidation" name="test_control_chars_rejected[\x02]" time="0.000" /><testcase classname="tests.unit.utils.test_path_sanitization.TestPathSecurityValidation" name="test_control_chars_rejected[\x07]" time="0.000" /><testcase classname="tests.unit.utils.test_path_sanitization.TestPathSecurityValidation" name="test_control_chars_rejected[\x0b]" time="0.000" /><testcase classname="tests.unit.utils.test_path_sanitization.TestPathSecurityValidation" name="test_control_chars_rejected[\x0c]" time="0.000" /><testcase classname="tests.unit.utils.test_path_sanitization.TestPathSecurityValidation" name="test_control_chars_rejected[\x1b]" time="0.000" /><testcase classname="tests.unit.utils.test_path_sanitization.TestPathSecurityValidation" name="test_shell_metacharacters_rejected[;]" time="0.000" /><testcase classname="tests.unit.utils.test_path_sanitization.TestPathSecurityValidation" name="test_shell_metacharacters_rejected[&amp;]" time="0.000" /><testcase classname="tests.unit.utils.test_path_sanitization.TestPathSecurityValidation" name="test_shell_metacharacters_rejected[|]" time="0.000" /><testcase classname="tests.unit.utils.test_path_sanitization.TestPathSecurityValidation" name="test_shell_metacharacters_rejected[`]" time="0.000" /><testcase classname="tests.unit.utils.test_path_sanitization.TestPathSecurityValidation" name="test_shell_metacharacters_rejected[$]" time="0.000" /><testcase classname="tests.unit.utils.test_path_sanitization.TestPathSecurityValidation" name="test_shell_metacharacters_rejected[&lt;]" time="0.000" /><testcase classname="tests.unit.utils.test_path_sanitization.TestPathSecurityValidation" name="test_shell_metacharacters_rejected[&gt;]" time="0.000" /><testcase classname="tests.unit.utils.test_path_sanitization.TestPathSecurityValidation" name="test_normal_paths_pass_validation" time="0.001" /><testcase classname="tests.unit.utils.test_path_sanitization.TestSubprocessPathSanitization" name="test_path_quoted_for_subprocess" time="0.001" /><testcase classname="tests.unit.utils.test_path_sanitization.TestSubprocessPathSanitization" name="test_special_chars_escaped" time="0.001" /><testcase classname="tests.unit.utils.test_path_sanitization.TestSubprocessPathSanitization" name="test_relative_path_made_absolute" time="0.000" /><testcase classname="tests.unit.utils.test_path_sanitization.TestPropertyBasedFuzzing" name="test_sanitize_filename_never_returns_empty_for_valid_input[abc123]" time="0.000" /><testcase classname="tests.unit.utils.test_path_sanitization.TestPropertyBasedFuzzing" name="test_sanitize_filename_never_returns_empty_for_valid_input[XYZ789]" time="0.000" /><testcase classname="tests.unit.utils.test_path_sanitization.TestPropertyBasedFuzzing" name="test_sanitize_filename_never_returns_empty_for_valid_input[abcdefghijklmnopqrstuvwxyz]" time="0.000" /><testcase classname="tests.unit.utils.test_path_sanitization.TestPropertyBasedFuzzing" name="test_sanitize_filename_never_returns_empty_for_valid_input[___]" time="0.000" /><testcase classname="tests.unit.utils.test_path_sanitization.TestPropertyBasedFuzzing" name="test_sanitize_filename_never_returns_empty_for_valid_input[---]" time="0.000" /><testcase classname="tests.unit.utils.test_path_sanitization.TestPropertyBasedFuzzing" name="test_sanitize_filename_never_returns_empty_for_valid_input[...]" time="0.000" /><testcase classname="tests.unit.utils.test_path_sanitization.TestPropertyBasedFuzzing" name="test_sanitize_filename_never_returns_empty_for_valid_input[   ]" time="0.000" /><testcase classname="tests.unit.utils.test_path_sanitization.TestPropertyBasedFuzzing" name="test_sanitize_filename_never_returns_empty_for_valid_input[a b c]" time="0.000" /><testcase classname="tests.unit.utils.test_path_sanitization.TestPropertyBasedFuzzing" name="test_sanitize_filename_never_returns_empty_for_valid_input[1-2-3]" time="0.000" /><testcase classname="tests.unit.utils.test_path_sanitization.TestPropertyBasedFuzzing" name="test_sanitize_filename_never_returns_empty_for_valid_input[x_y_z]" time="0.000" /><testcase classname="tests.unit.utils.test_path_sanitization.TestPropertyBasedFuzzing" name="test_sanitize_filename_never_returns_empty_for_valid_input[]" time="0.000" /><testcase classname="tests.unit.utils.test_path_sanitization.TestPropertyBasedFuzzing" name="test_sanitize_filename_never_returns_empty_for_valid_input[ ]" time="0.000" /><testcase classname="tests.unit.utils.test_path_sanitization.TestPropertyBasedFuzzing" name="test_sanitize_filename_never_returns_empty_for_valid_input[.]" time="0.000" /><testcase classname="tests.unit.utils.test_path_sanitization.TestPropertyBasedFuzzing" name="test_sanitize_filename_never_returns_empty_for_valid_input[..]" time="0.000" /><testcase classname="tests.unit.utils.test_path_sanitization.TestPropertyBasedFuzzing" name="test_ensure_subpath_blocks_all_traversal_variants[../secret]" time="0.001" /><testcase classname="tests.unit.utils.test_path_sanitization.TestPropertyBasedFuzzing" name="test_ensure_subpath_blocks_all_traversal_variants[../../secret]" time="0.001" /><testcase classname="tests.unit.utils.test_path_sanitization.TestPropertyBasedFuzzing" name="test_ensure_subpath_blocks_all_traversal_variants[../../../secret]" time="0.001" /><testcase classname="tests.unit.utils.test_path_sanitization.TestPropertyBasedFuzzing" name="test_ensure_subpath_blocks_all_traversal_variants[../../../../secret]" time="0.001" /><testcase classname="tests.unit.utils.test_path_sanitization.TestPropertyBasedFuzzing" name="test_ensure_subpath_blocks_all_traversal_variants[../../../../../secret]" time="0.001" /><testcase classname="tests.unit.utils.test_path_sanitization.TestPropertyBasedFuzzing" name="test_ensure_subpath_blocks_all_traversal_variants[../../../../../../secret]" time="0.001" /><testcase classname="tests.unit.utils.test_path_sanitization.TestPropertyBasedFuzzing" name="test_ensure_subpath_blocks_all_traversal_variants[../../../../../../../secret]" time="0.001" /><testcase classname="tests.unit.utils.test_path_sanitization.TestPropertyBasedFuzzing" name="test_ensure_subpath_blocks_all_traversal_variants[../../../../../../../../secret]" time="0.001" /><testcase classname="tests.unit.utils.test_path_sanitization.TestPropertyBasedFuzzing" name="test_ensure_subpath_blocks_all_traversal_variants[../../../../../../../../../secret]" time="0.001" /><testcase classname="tests.unit.utils.test_path_sanitization.TestPropertyBasedFuzzing" name="test_ensure_subpath_blocks_all_traversal_variants[safe/../../escape]" time="0.001" /><testcase classname="tests.unit.utils.test_path_sanitization.TestPropertyBasedFuzzing" name="test_ensure_subpath_blocks_all_traversal_variants[safe/../../../escape]" time="0.001" /><testcase classname="tests.unit.utils.test_path_sanitization.TestPropertyBasedFuzzing" name="test_ensure_subpath_blocks_all_traversal_variants[safe/../../../../escape]" time="0.001" /><testcase classname="tests.unit.utils.test_path_sanitization.TestPropertyBasedFuzzing" name="test_ensure_subpath_blocks_all_traversal_variants[safe/../../../../../escape]" time="0.001" /><testcase classname="tests.unit.utils.test_path_sanitization.TestPropertyBasedFuzzing" name="test_ensure_subpath_blocks_all_traversal_variants[safe/../../../../../../escape]" time="0.001" /><testcase classname="tests.unit.utils.test_path_sanitization.TestPropertyBasedFuzzing" name="test_ensure_subpath_blocks_all_traversal_variants[safe/../../../../../../../escape]" time="0.001" /><testcase classname="tests.unit.utils.test_path_sanitization.TestPropertyBasedFuzzing" name="test_ensure_subpath_blocks_all_traversal_variants[safe/../../../../../../../../escape]" time="0.001" /><testcase classname="tests.unit.utils.test_path_sanitization.TestPropertyBasedFuzzing" name="test_ensure_subpath_blocks_all_traversal_variants[safe/../../../../../../../../../escape]" time="0.001" /><testcase classname="tests.unit.utils.test_path_sanitization.TestPropertyBasedFuzzing" name="test_path_patterns_that_stay_within_root[safe/../escape]" time="0.001" /><testcase classname="tests.unit.utils.test_path_sanitization.TestPropertyBasedFuzzing" name="test_path_patterns_that_stay_within_root[..\\..\\secret]" time="0.001" /><testcase classname="tests.unit.utils.test_path_sanitization.TestPropertyBasedFuzzing" name="test_path_patterns_that_stay_within_root[%2e%2e%2f%2e%2e%2f]" time="0.001" /><testcase classname="tests.unit.utils.test_path_sanitization.TestPropertyBasedFuzzing" name="test_path_patterns_that_stay_within_root[%252e%252e%252f]" time="0.001" /><testcase classname="tests.unit.utils.test_path_sanitization.TestPropertyBasedFuzzing" name="test_mixed_slash_traversals_blocked[../..\\secret]" time="0.001" /><testcase classname="tests.unit.utils.test_path_sanitization.TestPropertyBasedFuzzing" name="test_control_characters_handled_in_filename[0]" time="0.000" /><testcase classname="tests.unit.utils.test_path_sanitization.TestPropertyBasedFuzzing" name="test_control_characters_handled_in_filename[1]" time="0.000" /><testcase classname="tests.unit.utils.test_path_sanitization.TestPropertyBasedFuzzing" name="test_control_characters_handled_in_filename[2]" time="0.000" /><testcase classname="tests.unit.utils.test_path_sanitization.TestPropertyBasedFuzzing" name="test_control_characters_handled_in_filename[3]" time="0.000" /><testcase classname="tests.unit.utils.test_path_sanitization.TestPropertyBasedFuzzing" name="test_control_characters_handled_in_filename[4]" time="0.000" /><testcase classname="tests.unit.utils.test_path_sanitization.TestPropertyBasedFuzzing" name="test_control_characters_handled_in_filename[5]" time="0.000" /><testcase classname="tests.unit.utils.test_path_sanitization.TestPropertyBasedFuzzing" name="test_control_characters_handled_in_filename[6]" time="0.000" /><testcase classname="tests.unit.utils.test_path_sanitization.TestPropertyBasedFuzzing" name="test_control_characters_handled_in_filename[7]" time="0.000" /><testcase classname="tests.unit.utils.test_path_sanitization.TestPropertyBasedFuzzing" name="test_control_characters_handled_in_filename[8]" time="0.000" /><testcase classname="tests.unit.utils.test_path_sanitization.TestPropertyBasedFuzzing" name="test_control_characters_handled_in_filename[9]" time="0.000" /><testcase classname="tests.unit.utils.test_path_sanitization.TestPropertyBasedFuzzing" name="test_control_characters_handled_in_filename[10]" time="0.000" /><testcase classname="tests.unit.utils.test_path_sanitization.TestPropertyBasedFuzzing" name="test_control_characters_handled_in_filename[11]" time="0.000" /><testcase classname="tests.unit.utils.test_path_sanitization.TestPropertyBasedFuzzing" name="test_control_characters_handled_in_filename[12]" time="0.000" /><testcase classname="tests.unit.utils.test_path_sanitization.TestPropertyBasedFuzzing" name="test_control_characters_handled_in_filename[13]" time="0.000" /><testcase classname="tests.unit.utils.test_path_sanitization.TestPropertyBasedFuzzing" name="test_control_characters_handled_in_filename[14]" time="0.000" /><testcase classname="tests.unit.utils.test_path_sanitization.TestPropertyBasedFuzzing" name="test_control_characters_handled_in_filename[15]" time="0.000" /><testcase classname="tests.unit.utils.test_path_sanitization.TestPropertyBasedFuzzing" name="test_control_characters_handled_in_filename[16]" time="0.000" /><testcase classname="tests.unit.utils.test_path_sanitization.TestPropertyBasedFuzzing" name="test_control_characters_handled_in_filename[17]" time="0.000" /><testcase classname="tests.unit.utils.test_path_sanitization.TestPropertyBasedFuzzing" name="test_control_characters_handled_in_filename[18]" time="0.000" /><testcase classname="tests.unit.utils.test_path_sanitization.TestPropertyBasedFuzzing" name="test_control_characters_handled_in_filename[19]" time="0.000" /><testcase classname="tests.unit.utils.test_path_sanitization.TestPropertyBasedFuzzing" name="test_control_characters_handled_in_filename[20]" time="0.000" /><testcase classname="tests.unit.utils.test_path_sanitization.TestPropertyBasedFuzzing" name="test_control_characters_handled_in_filename[21]" time="0.000" /><testcase classname="tests.unit.utils.test_path_sanitization.TestPropertyBasedFuzzing" name="test_control_characters_handled_in_filename[22]" time="0.000" /><testcase classname="tests.unit.utils.test_path_sanitization.TestPropertyBasedFuzzing" name="test_control_characters_handled_in_filename[23]" time="0.000" /><testcase classname="tests.unit.utils.test_path_sanitization.TestPropertyBasedFuzzing" name="test_control_characters_handled_in_filename[24]" time="0.000" /><testcase classname="tests.unit.utils.test_path_sanitization.TestPropertyBasedFuzzing" name="test_control_characters_handled_in_filename[25]" time="0.000" /><testcase classname="tests.unit.utils.test_path_sanitization.TestPropertyBasedFuzzing" name="test_control_characters_handled_in_filename[26]" time="0.000" /><testcase classname="tests.unit.utils.test_path_sanitization.TestPropertyBasedFuzzing" name="test_control_characters_handled_in_filename[27]" time="0.000" /><testcase classname="tests.unit.utils.test_path_sanitization.TestPropertyBasedFuzzing" name="test_control_characters_handled_in_filename[28]" time="0.000" /><testcase classname="tests.unit.utils.test_path_sanitization.TestPropertyBasedFuzzing" name="test_control_characters_handled_in_filename[29]" time="0.000" /><testcase classname="tests.unit.utils.test_path_sanitization.TestPropertyBasedFuzzing" name="test_control_characters_handled_in_filename[30]" time="0.000" /><testcase classname="tests.unit.utils.test_path_sanitization.TestPropertyBasedFuzzing" name="test_control_characters_handled_in_filename[31]" time="0.000" /><testcase classname="tests.unit.utils.test_path_sanitization.TestPropertyBasedFuzzing" name="test_filename_length_invariant[1]" time="0.000" /><testcase classname="tests.unit.utils.test_path_sanitization.TestPropertyBasedFuzzing" name="test_filename_length_invariant[10]" time="0.000" /><testcase classname="tests.unit.utils.test_path_sanitization.TestPropertyBasedFuzzing" name="test_filename_length_invariant[50]" time="0.000" /><testcase classname="tests.unit.utils.test_path_sanitization.TestPropertyBasedFuzzing" name="test_filename_length_invariant[100]" time="0.000" /><testcase classname="tests.unit.utils.test_path_sanitization.TestPropertyBasedFuzzing" name="test_filename_length_invariant[150]" time="0.000" /><testcase classname="tests.unit.utils.test_path_sanitization.TestPropertyBasedFuzzing" name="test_filename_length_invariant[200]" time="0.000" /><testcase classname="tests.unit.utils.test_path_sanitization.TestPropertyBasedFuzzing" name="test_filename_length_invariant[255]" time="0.000" /><testcase classname="tests.unit.utils.test_path_sanitization.TestPropertyBasedFuzzing" name="test_filename_length_invariant[500]" time="0.000" /><testcase classname="tests.unit.utils.test_path_sanitization.TestPropertyBasedFuzzing" name="test_filename_length_invariant[1000]" time="0.000" /><testcase classname="tests.unit.utils.test_path_sanitization.TestSafeOutputPath" name="test_generates_safe_output_path" time="0.001" /><testcase classname="tests.unit.utils.test_path_sanitization.TestSafeOutputPath" name="test_output_path_with_custom_dir" time="0.001" /><testcase classname="tests.unit.utils.test_path_sanitization.TestSafeOutputPath" name="test_input_with_special_chars_sanitized" time="0.001" /><testcase classname="tests.unit.utils.test_path_sanitization.TestBackwardCompatibility" name="test_sanitize_path_function" time="0.001" /><testcase classname="tests.unit.utils.test_path_sanitization.TestBackwardCompatibility" name="test_sanitize_filename_function" time="0.000" /><testcase classname="tests.unit.utils.test_path_sanitization.TestBackwardCompatibility" name="test_sanitize_dirname_function" time="0.000" /><testcase classname="tests.unit.utils.test_path_sanitization.TestEnsureSubpathEdgeCases" name="test_root_path_normalization" time="0.001" /><testcase classname="tests.unit.utils.test_path_sanitization.TestEnsureSubpathEdgeCases" name="test_subpath_with_current_dir_reference" time="0.001" /><testcase classname="tests.unit.utils.test_path_sanitization.TestEnsureSubpathEdgeCases" name="test_empty_subpath" time="0.001" /><testcase classname="tests.unit.utils.test_path_sanitization.TestEnsureSubpathEdgeCases" name="test_subpath_with_trailing_slash" time="0.001" /><testcase classname="tests.unit.utils.test_path_sanitization.TestEnsureSubpathEdgeCases" name="test_multiple_slashes_normalized" time="0.001" /></testsuite></testsuites>