<?xml version="1.0" encoding="utf-8"?><testsuites name="pytest tests"><testsuite name="pytest" errors="0" failures="0" skipped="1" tests="58" time="1.326" timestamp="2025-12-08T23:10:14.143434-05:00" hostname="Enzos-MacBook-Pro.local"><testcase classname="tests.unit.test_deepgram_utils.TestDetectMimetype" name="test_detect_mimetype_known_formats[.mp3-audio/mp3]" time="0.001" /><testcase classname="tests.unit.test_deepgram_utils.TestDetectMimetype" name="test_detect_mimetype_known_formats[.wav-audio/wav]" time="0.000" /><testcase classname="tests.unit.test_deepgram_utils.TestDetectMimetype" name="test_detect_mimetype_known_formats[.m4a-audio/mp4]" time="0.000" /><testcase classname="tests.unit.test_deepgram_utils.TestDetectMimetype" name="test_detect_mimetype_known_formats[.mp4-audio/mp4]" time="0.000" /><testcase classname="tests.unit.test_deepgram_utils.TestDetectMimetype" name="test_detect_mimetype_known_formats[.aac-audio/aac]" time="0.000" /><testcase classname="tests.unit.test_deepgram_utils.TestDetectMimetype" name="test_detect_mimetype_known_formats[.flac-audio/flac]" time="0.000" /><testcase classname="tests.unit.test_deepgram_utils.TestDetectMimetype" name="test_detect_mimetype_known_formats[.ogg-audio/ogg]" time="0.000" /><testcase classname="tests.unit.test_deepgram_utils.TestDetectMimetype" name="test_detect_mimetype_known_formats[.webm-audio/webm]" time="0.000" /><testcase classname="tests.unit.test_deepgram_utils.TestDetectMimetype" name="test_detect_mimetype_uppercase_extensions[.MP3-audio/mp3]" time="0.000" /><testcase classname="tests.unit.test_deepgram_utils.TestDetectMimetype" name="test_detect_mimetype_uppercase_extensions[.WAV-audio/wav]" time="0.000" /><testcase classname="tests.unit.test_deepgram_utils.TestDetectMimetype" name="test_detect_mimetype_uppercase_extensions[.M4A-audio/mp4]" time="0.000" /><testcase classname="tests.unit.test_deepgram_utils.TestDetectMimetype" name="test_detect_mimetype_uppercase_extensions[.FLAC-audio/flac]" time="0.000" /><testcase classname="tests.unit.test_deepgram_utils.TestDetectMimetype" name="test_detect_mimetype_mixed_case_extensions[.Mp3-audio/mp3]" time="0.000" /><testcase classname="tests.unit.test_deepgram_utils.TestDetectMimetype" name="test_detect_mimetype_mixed_case_extensions[.WaV-audio/wav]" time="0.000" /><testcase classname="tests.unit.test_deepgram_utils.TestDetectMimetype" name="test_detect_mimetype_mixed_case_extensions[.m4A-audio/mp4]" time="0.000" /><testcase classname="tests.unit.test_deepgram_utils.TestDetectMimetype" name="test_detect_mimetype_unknown_extension" time="0.000" /><testcase classname="tests.unit.test_deepgram_utils.TestDetectMimetype" name="test_detect_mimetype_no_extension" time="0.000" /><testcase classname="tests.unit.test_deepgram_utils.TestDetectMimetype" name="test_detect_mimetype_multiple_dots" time="0.000" /><testcase classname="tests.unit.test_deepgram_utils.TestDetectMimetype" name="test_detect_mimetype_hidden_file" time="0.000" /><testcase classname="tests.unit.test_deepgram_utils.TestDetectMimetype" name="test_detect_mimetype_path_with_directories" time="0.000" /><testcase classname="tests.unit.test_deepgram_utils.TestDetectMimetype" name="test_detect_mimetype_empty_suffix" time="0.000" /><testcase classname="tests.unit.test_deepgram_utils.TestDetectMimetype" name="test_detect_mimetype_windows_path" time="0.000" /><testcase classname="tests.unit.test_deepgram_utils.TestDetectMimetype" name="test_detect_mimetype_complex_nested_path" time="0.000" /><testcase classname="tests.unit.test_deepgram_utils.TestDetectMimetype" name="test_detect_mimetype_backup_extension" time="0.000" /><testcase classname="tests.unit.test_deepgram_utils.TestDetectMimetype" name="test_detect_mimetype_numeric_extension" time="0.000" /><testcase classname="tests.unit.test_deepgram_utils.TestDetectMimetype" name="test_detect_mimetype_very_long_extension" time="0.000" /><testcase classname="tests.unit.test_deepgram_utils.TestBuildPrerecordedOptions" name="test_build_prerecorded_options_creates_correct_object" time="0.000" /><testcase classname="tests.unit.test_deepgram_utils.TestBuildPrerecordedOptions" name="test_build_prerecorded_options_with_different_languages[en-US]" time="0.000" /><testcase classname="tests.unit.test_deepgram_utils.TestBuildPrerecordedOptions" name="test_build_prerecorded_options_with_different_languages[es-ES]" time="0.000" /><testcase classname="tests.unit.test_deepgram_utils.TestBuildPrerecordedOptions" name="test_build_prerecorded_options_with_different_languages[fr-FR]" time="0.000" /><testcase classname="tests.unit.test_deepgram_utils.TestBuildPrerecordedOptions" name="test_build_prerecorded_options_with_different_languages[de-DE]" time="0.000" /><testcase classname="tests.unit.test_deepgram_utils.TestBuildPrerecordedOptions" name="test_build_prerecorded_options_with_different_languages[ja-JP]" time="0.000" /><testcase classname="tests.unit.test_deepgram_utils.TestBuildPrerecordedOptions" name="test_build_prerecorded_options_with_different_languages[zh-CN]" time="0.000" /><testcase classname="tests.unit.test_deepgram_utils.TestBuildPrerecordedOptions" name="test_build_prerecorded_options_with_different_languages[pt-BR]" time="0.000" /><testcase classname="tests.unit.test_deepgram_utils.TestBuildPrerecordedOptions" name="test_build_prerecorded_options_with_different_languages[ru-RU]" time="0.000" /><testcase classname="tests.unit.test_deepgram_utils.TestBuildPrerecordedOptions" name="test_build_prerecorded_options_all_boolean_flags_enabled" time="0.000" /><testcase classname="tests.unit.test_deepgram_utils.TestBuildPrerecordedOptions" name="test_build_prerecorded_options_model_version" time="0.000" /><testcase classname="tests.unit.test_deepgram_utils.TestBuildPrerecordedOptions" name="test_build_prerecorded_options_summarize_version" time="0.000" /><testcase classname="tests.unit.test_deepgram_utils.TestBuildPrerecordedOptions" name="test_build_prerecorded_options_alternatives_count" time="0.000" /><testcase classname="tests.unit.test_deepgram_utils.TestBuildPrerecordedOptions" name="test_build_prerecorded_options_with_empty_string_language" time="0.000" /><testcase classname="tests.unit.test_deepgram_utils.TestBuildPrerecordedOptions" name="test_build_prerecorded_options_preserves_language_casing" time="0.000" /><testcase classname="tests.unit.test_deepgram_utils.TestBuildPrerecordedOptions" name="test_build_prerecorded_options_with_special_characters" time="0.000" /><testcase classname="tests.unit.test_deepgram_utils.TestBuildPrerecordedOptions" name="test_build_prerecorded_options_with_numeric_language" time="0.000" /><testcase classname="tests.unit.test_deepgram_utils.TestBuildPrerecordedOptions" name="test_build_prerecorded_options_with_long_language_code" time="0.000" /><testcase classname="tests.unit.test_deepgram_provider.TestDeepgramTranscriber" name="test_validate_configuration_with_api_key" time="0.003" /><testcase classname="tests.unit.test_deepgram_provider.TestDeepgramTranscriber" name="test_validate_configuration_without_api_key" time="0.001" /><testcase classname="tests.unit.test_deepgram_provider.TestDeepgramTranscriber" name="test_get_provider_name" time="0.001" /><testcase classname="tests.unit.test_deepgram_provider.TestDeepgramTranscriber" name="test_get_supported_features" time="0.001" /><testcase classname="tests.unit.test_deepgram_provider.TestDeepgramTranscriber" name="test_open_audio_file_returns_file_handle" time="0.001" /><testcase classname="tests.unit.test_deepgram_provider.TestDeepgramTranscriber" name="test_streaming_upload_uses_file_handle" time="0.004" /><testcase classname="tests.unit.test_deepgram_provider.TestDeepgramTranscriber" name="test_large_file_streaming_memory_efficiency" time="0.002" /><testcase classname="tests.unit.test_deepgram_provider.TestDeepgramTranscriber" name="test_normal_file_no_regression" time="0.003" /><testcase classname="tests.unit.test_deepgram_provider.TestDeepgramTranscriber" name="test_file_handle_cleanup_on_error" time="0.000"><skipped type="pytest.skip" message="Integration test - complex async error scenario">/Users/enzolucchesi/Active-Work/Development/audio-extraction-analysis/tests/unit/test_deepgram_provider.py:213: Integration test - complex async error scenario</skipped></testcase><testcase classname="tests.unit.test_deepgram_provider.TestDeepgramTranscriberErrorPaths" name="test_import_error_raises_provider_not_available" time="0.002" /><testcase classname="tests.unit.test_deepgram_provider.TestDeepgramTranscriberErrorPaths" name="test_permission_error_raises_file_access_error" time="0.007" /><testcase classname="tests.unit.test_deepgram_provider.TestDeepgramTranscriberErrorPaths" name="test_os_error_raises_provider_api_error" time="0.002" /><testcase classname="tests.unit.test_deepgram_provider.TestDeepgramTranscriberErrorPaths" name="test_connection_error_passes_through" time="0.002" /><testcase classname="tests.unit.test_deepgram_provider.TestDeepgramTranscriberErrorPaths" name="test_validation_error_on_invalid_file" time="0.001" /></testsuite></testsuites>